<?xml version="1.0" encoding="UTF-8"?>
<testsuite xmlns:xsi="http://www.w3.org/2001/XMLSchema-instance" xsi:noNamespaceSchemaLocation="https://maven.apache.org/surefire/maven-surefire-plugin/xsd/surefire-test-report-3.0.xsd" version="3.0" name="com.stelnikov.postgresjpa.controller.AuthorControllerIntegrationTest" time="2.575" tests="14" errors="0" skipped="0" failures="0">
  <properties>
    <property name="java.specification.version" value="19"/>
    <property name="sun.jnu.encoding" value="UTF-8"/>
    <property name="java.class.path" value="/Users/strelnikov/Documents/dev/my-java/Templates/postgres-jpa/target/test-classes:/Users/strelnikov/Documents/dev/my-java/Templates/postgres-jpa/target/classes:/Users/strelnikov/.m2/repository/org/springframework/boot/spring-boot-starter-data-jpa/3.2.2/spring-boot-starter-data-jpa-3.2.2.jar:/Users/strelnikov/.m2/repository/org/springframework/boot/spring-boot-starter-aop/3.2.2/spring-boot-starter-aop-3.2.2.jar:/Users/strelnikov/.m2/repository/org/springframework/spring-aop/6.1.3/spring-aop-6.1.3.jar:/Users/strelnikov/.m2/repository/org/aspectj/aspectjweaver/1.9.21/aspectjweaver-1.9.21.jar:/Users/strelnikov/.m2/repository/org/springframework/boot/spring-boot-starter-jdbc/3.2.2/spring-boot-starter-jdbc-3.2.2.jar:/Users/strelnikov/.m2/repository/com/zaxxer/HikariCP/5.0.1/HikariCP-5.0.1.jar:/Users/strelnikov/.m2/repository/org/springframework/spring-jdbc/6.1.3/spring-jdbc-6.1.3.jar:/Users/strelnikov/.m2/repository/org/hibernate/orm/hibernate-core/6.4.1.Final/hibernate-core-6.4.1.Final.jar:/Users/strelnikov/.m2/repository/jakarta/persistence/jakarta.persistence-api/3.1.0/jakarta.persistence-api-3.1.0.jar:/Users/strelnikov/.m2/repository/jakarta/transaction/jakarta.transaction-api/2.0.1/jakarta.transaction-api-2.0.1.jar:/Users/strelnikov/.m2/repository/org/jboss/logging/jboss-logging/3.5.3.Final/jboss-logging-3.5.3.Final.jar:/Users/strelnikov/.m2/repository/org/hibernate/common/hibernate-commons-annotations/6.0.6.Final/hibernate-commons-annotations-6.0.6.Final.jar:/Users/strelnikov/.m2/repository/io/smallrye/jandex/3.1.2/jandex-3.1.2.jar:/Users/strelnikov/.m2/repository/com/fasterxml/classmate/1.6.0/classmate-1.6.0.jar:/Users/strelnikov/.m2/repository/net/bytebuddy/byte-buddy/1.14.11/byte-buddy-1.14.11.jar:/Users/strelnikov/.m2/repository/org/glassfish/jaxb/jaxb-runtime/4.0.4/jaxb-runtime-4.0.4.jar:/Users/strelnikov/.m2/repository/org/glassfish/jaxb/jaxb-core/4.0.4/jaxb-core-4.0.4.jar:/Users/strelnikov/.m2/repository/org/eclipse/angus/angus-activation/2.0.1/angus-activation-2.0.1.jar:/Users/strelnikov/.m2/repository/org/glassfish/jaxb/txw2/4.0.4/txw2-4.0.4.jar:/Users/strelnikov/.m2/repository/com/sun/istack/istack-commons-runtime/4.1.2/istack-commons-runtime-4.1.2.jar:/Users/strelnikov/.m2/repository/jakarta/inject/jakarta.inject-api/2.0.1/jakarta.inject-api-2.0.1.jar:/Users/strelnikov/.m2/repository/org/antlr/antlr4-runtime/4.13.0/antlr4-runtime-4.13.0.jar:/Users/strelnikov/.m2/repository/org/springframework/data/spring-data-jpa/3.2.2/spring-data-jpa-3.2.2.jar:/Users/strelnikov/.m2/repository/org/springframework/data/spring-data-commons/3.2.2/spring-data-commons-3.2.2.jar:/Users/strelnikov/.m2/repository/org/springframework/spring-orm/6.1.3/spring-orm-6.1.3.jar:/Users/strelnikov/.m2/repository/org/springframework/spring-context/6.1.3/spring-context-6.1.3.jar:/Users/strelnikov/.m2/repository/org/springframework/spring-tx/6.1.3/spring-tx-6.1.3.jar:/Users/strelnikov/.m2/repository/org/springframework/spring-beans/6.1.3/spring-beans-6.1.3.jar:/Users/strelnikov/.m2/repository/jakarta/annotation/jakarta.annotation-api/2.1.1/jakarta.annotation-api-2.1.1.jar:/Users/strelnikov/.m2/repository/org/slf4j/slf4j-api/2.0.11/slf4j-api-2.0.11.jar:/Users/strelnikov/.m2/repository/org/springframework/spring-aspects/6.1.3/spring-aspects-6.1.3.jar:/Users/strelnikov/.m2/repository/org/springframework/boot/spring-boot-starter-web/3.2.2/spring-boot-starter-web-3.2.2.jar:/Users/strelnikov/.m2/repository/org/springframework/boot/spring-boot-starter/3.2.2/spring-boot-starter-3.2.2.jar:/Users/strelnikov/.m2/repository/org/springframework/boot/spring-boot/3.2.2/spring-boot-3.2.2.jar:/Users/strelnikov/.m2/repository/org/springframework/boot/spring-boot-autoconfigure/3.2.2/spring-boot-autoconfigure-3.2.2.jar:/Users/strelnikov/.m2/repository/org/springframework/boot/spring-boot-starter-logging/3.2.2/spring-boot-starter-logging-3.2.2.jar:/Users/strelnikov/.m2/repository/ch/qos/logback/logback-classic/1.4.14/logback-classic-1.4.14.jar:/Users/strelnikov/.m2/repository/ch/qos/logback/logback-core/1.4.14/logback-core-1.4.14.jar:/Users/strelnikov/.m2/repository/org/apache/logging/log4j/log4j-to-slf4j/2.21.1/log4j-to-slf4j-2.21.1.jar:/Users/strelnikov/.m2/repository/org/apache/logging/log4j/log4j-api/2.21.1/log4j-api-2.21.1.jar:/Users/strelnikov/.m2/repository/org/slf4j/jul-to-slf4j/2.0.11/jul-to-slf4j-2.0.11.jar:/Users/strelnikov/.m2/repository/org/yaml/snakeyaml/2.2/snakeyaml-2.2.jar:/Users/strelnikov/.m2/repository/org/springframework/boot/spring-boot-starter-json/3.2.2/spring-boot-starter-json-3.2.2.jar:/Users/strelnikov/.m2/repository/com/fasterxml/jackson/core/jackson-databind/2.15.3/jackson-databind-2.15.3.jar:/Users/strelnikov/.m2/repository/com/fasterxml/jackson/core/jackson-annotations/2.15.3/jackson-annotations-2.15.3.jar:/Users/strelnikov/.m2/repository/com/fasterxml/jackson/core/jackson-core/2.15.3/jackson-core-2.15.3.jar:/Users/strelnikov/.m2/repository/com/fasterxml/jackson/datatype/jackson-datatype-jdk8/2.15.3/jackson-datatype-jdk8-2.15.3.jar:/Users/strelnikov/.m2/repository/com/fasterxml/jackson/datatype/jackson-datatype-jsr310/2.15.3/jackson-datatype-jsr310-2.15.3.jar:/Users/strelnikov/.m2/repository/com/fasterxml/jackson/module/jackson-module-parameter-names/2.15.3/jackson-module-parameter-names-2.15.3.jar:/Users/strelnikov/.m2/repository/org/springframework/boot/spring-boot-starter-tomcat/3.2.2/spring-boot-starter-tomcat-3.2.2.jar:/Users/strelnikov/.m2/repository/org/apache/tomcat/embed/tomcat-embed-core/10.1.18/tomcat-embed-core-10.1.18.jar:/Users/strelnikov/.m2/repository/org/apache/tomcat/embed/tomcat-embed-el/10.1.18/tomcat-embed-el-10.1.18.jar:/Users/strelnikov/.m2/repository/org/apache/tomcat/embed/tomcat-embed-websocket/10.1.18/tomcat-embed-websocket-10.1.18.jar:/Users/strelnikov/.m2/repository/org/springframework/spring-web/6.1.3/spring-web-6.1.3.jar:/Users/strelnikov/.m2/repository/io/micrometer/micrometer-observation/1.12.2/micrometer-observation-1.12.2.jar:/Users/strelnikov/.m2/repository/io/micrometer/micrometer-commons/1.12.2/micrometer-commons-1.12.2.jar:/Users/strelnikov/.m2/repository/org/springframework/spring-webmvc/6.1.3/spring-webmvc-6.1.3.jar:/Users/strelnikov/.m2/repository/org/springframework/spring-expression/6.1.3/spring-expression-6.1.3.jar:/Users/strelnikov/.m2/repository/org/postgresql/postgresql/42.6.0/postgresql-42.6.0.jar:/Users/strelnikov/.m2/repository/org/checkerframework/checker-qual/3.31.0/checker-qual-3.31.0.jar:/Users/strelnikov/.m2/repository/org/mapstruct/mapstruct/1.5.5.Final/mapstruct-1.5.5.Final.jar:/Users/strelnikov/.m2/repository/org/springframework/boot/spring-boot-starter-test/3.2.2/spring-boot-starter-test-3.2.2.jar:/Users/strelnikov/.m2/repository/org/springframework/boot/spring-boot-test/3.2.2/spring-boot-test-3.2.2.jar:/Users/strelnikov/.m2/repository/org/springframework/boot/spring-boot-test-autoconfigure/3.2.2/spring-boot-test-autoconfigure-3.2.2.jar:/Users/strelnikov/.m2/repository/com/jayway/jsonpath/json-path/2.8.0/json-path-2.8.0.jar:/Users/strelnikov/.m2/repository/jakarta/xml/bind/jakarta.xml.bind-api/4.0.1/jakarta.xml.bind-api-4.0.1.jar:/Users/strelnikov/.m2/repository/jakarta/activation/jakarta.activation-api/2.1.2/jakarta.activation-api-2.1.2.jar:/Users/strelnikov/.m2/repository/net/minidev/json-smart/2.5.0/json-smart-2.5.0.jar:/Users/strelnikov/.m2/repository/net/minidev/accessors-smart/2.5.0/accessors-smart-2.5.0.jar:/Users/strelnikov/.m2/repository/org/ow2/asm/asm/9.3/asm-9.3.jar:/Users/strelnikov/.m2/repository/org/assertj/assertj-core/3.24.2/assertj-core-3.24.2.jar:/Users/strelnikov/.m2/repository/org/awaitility/awaitility/4.2.0/awaitility-4.2.0.jar:/Users/strelnikov/.m2/repository/org/hamcrest/hamcrest/2.2/hamcrest-2.2.jar:/Users/strelnikov/.m2/repository/org/junit/jupiter/junit-jupiter/5.10.1/junit-jupiter-5.10.1.jar:/Users/strelnikov/.m2/repository/org/junit/jupiter/junit-jupiter-api/5.10.1/junit-jupiter-api-5.10.1.jar:/Users/strelnikov/.m2/repository/org/opentest4j/opentest4j/1.3.0/opentest4j-1.3.0.jar:/Users/strelnikov/.m2/repository/org/junit/platform/junit-platform-commons/1.10.1/junit-platform-commons-1.10.1.jar:/Users/strelnikov/.m2/repository/org/apiguardian/apiguardian-api/1.1.2/apiguardian-api-1.1.2.jar:/Users/strelnikov/.m2/repository/org/junit/jupiter/junit-jupiter-params/5.10.1/junit-jupiter-params-5.10.1.jar:/Users/strelnikov/.m2/repository/org/junit/jupiter/junit-jupiter-engine/5.10.1/junit-jupiter-engine-5.10.1.jar:/Users/strelnikov/.m2/repository/org/junit/platform/junit-platform-engine/1.10.1/junit-platform-engine-1.10.1.jar:/Users/strelnikov/.m2/repository/org/mockito/mockito-core/5.7.0/mockito-core-5.7.0.jar:/Users/strelnikov/.m2/repository/net/bytebuddy/byte-buddy-agent/1.14.11/byte-buddy-agent-1.14.11.jar:/Users/strelnikov/.m2/repository/org/objenesis/objenesis/3.3/objenesis-3.3.jar:/Users/strelnikov/.m2/repository/org/mockito/mockito-junit-jupiter/5.7.0/mockito-junit-jupiter-5.7.0.jar:/Users/strelnikov/.m2/repository/org/skyscreamer/jsonassert/1.5.1/jsonassert-1.5.1.jar:/Users/strelnikov/.m2/repository/com/vaadin/external/google/android-json/0.0.20131108.vaadin1/android-json-0.0.20131108.vaadin1.jar:/Users/strelnikov/.m2/repository/org/springframework/spring-core/6.1.3/spring-core-6.1.3.jar:/Users/strelnikov/.m2/repository/org/springframework/spring-jcl/6.1.3/spring-jcl-6.1.3.jar:/Users/strelnikov/.m2/repository/org/springframework/spring-test/6.1.3/spring-test-6.1.3.jar:/Users/strelnikov/.m2/repository/org/xmlunit/xmlunit-core/2.9.1/xmlunit-core-2.9.1.jar:/Users/strelnikov/.m2/repository/com/h2database/h2/2.2.224/h2-2.2.224.jar:"/>
    <property name="java.vm.vendor" value="Homebrew"/>
    <property name="sun.arch.data.model" value="64"/>
    <property name="java.vendor.url" value="https://github.com/Homebrew/homebrew-core/issues"/>
    <property name="user.timezone" value="America/Montreal"/>
    <property name="org.jboss.logging.provider" value="slf4j"/>
    <property name="os.name" value="Mac OS X"/>
    <property name="java.vm.specification.version" value="19"/>
    <property name="sun.java.launcher" value="SUN_STANDARD"/>
    <property name="user.country" value="TR"/>
    <property name="sun.boot.library.path" value="/opt/homebrew/Cellar/openjdk/19.0.2/libexec/openjdk.jdk/Contents/Home/lib"/>
    <property name="sun.java.command" value="/Users/strelnikov/Documents/dev/my-java/Templates/postgres-jpa/target/surefire/surefirebooter-20240209233540436_3.jar /Users/strelnikov/Documents/dev/my-java/Templates/postgres-jpa/target/surefire 2024-02-09T23-35-40_363-jvmRun1 surefire-20240209233540436_1tmp surefire_0-20240209233540436_2tmp"/>
    <property name="http.nonProxyHosts" value="local|*.local|169.254/16|*.169.254/16"/>
    <property name="jdk.debug" value="release"/>
    <property name="surefire.test.class.path" value="/Users/strelnikov/Documents/dev/my-java/Templates/postgres-jpa/target/test-classes:/Users/strelnikov/Documents/dev/my-java/Templates/postgres-jpa/target/classes:/Users/strelnikov/.m2/repository/org/springframework/boot/spring-boot-starter-data-jpa/3.2.2/spring-boot-starter-data-jpa-3.2.2.jar:/Users/strelnikov/.m2/repository/org/springframework/boot/spring-boot-starter-aop/3.2.2/spring-boot-starter-aop-3.2.2.jar:/Users/strelnikov/.m2/repository/org/springframework/spring-aop/6.1.3/spring-aop-6.1.3.jar:/Users/strelnikov/.m2/repository/org/aspectj/aspectjweaver/1.9.21/aspectjweaver-1.9.21.jar:/Users/strelnikov/.m2/repository/org/springframework/boot/spring-boot-starter-jdbc/3.2.2/spring-boot-starter-jdbc-3.2.2.jar:/Users/strelnikov/.m2/repository/com/zaxxer/HikariCP/5.0.1/HikariCP-5.0.1.jar:/Users/strelnikov/.m2/repository/org/springframework/spring-jdbc/6.1.3/spring-jdbc-6.1.3.jar:/Users/strelnikov/.m2/repository/org/hibernate/orm/hibernate-core/6.4.1.Final/hibernate-core-6.4.1.Final.jar:/Users/strelnikov/.m2/repository/jakarta/persistence/jakarta.persistence-api/3.1.0/jakarta.persistence-api-3.1.0.jar:/Users/strelnikov/.m2/repository/jakarta/transaction/jakarta.transaction-api/2.0.1/jakarta.transaction-api-2.0.1.jar:/Users/strelnikov/.m2/repository/org/jboss/logging/jboss-logging/3.5.3.Final/jboss-logging-3.5.3.Final.jar:/Users/strelnikov/.m2/repository/org/hibernate/common/hibernate-commons-annotations/6.0.6.Final/hibernate-commons-annotations-6.0.6.Final.jar:/Users/strelnikov/.m2/repository/io/smallrye/jandex/3.1.2/jandex-3.1.2.jar:/Users/strelnikov/.m2/repository/com/fasterxml/classmate/1.6.0/classmate-1.6.0.jar:/Users/strelnikov/.m2/repository/net/bytebuddy/byte-buddy/1.14.11/byte-buddy-1.14.11.jar:/Users/strelnikov/.m2/repository/org/glassfish/jaxb/jaxb-runtime/4.0.4/jaxb-runtime-4.0.4.jar:/Users/strelnikov/.m2/repository/org/glassfish/jaxb/jaxb-core/4.0.4/jaxb-core-4.0.4.jar:/Users/strelnikov/.m2/repository/org/eclipse/angus/angus-activation/2.0.1/angus-activation-2.0.1.jar:/Users/strelnikov/.m2/repository/org/glassfish/jaxb/txw2/4.0.4/txw2-4.0.4.jar:/Users/strelnikov/.m2/repository/com/sun/istack/istack-commons-runtime/4.1.2/istack-commons-runtime-4.1.2.jar:/Users/strelnikov/.m2/repository/jakarta/inject/jakarta.inject-api/2.0.1/jakarta.inject-api-2.0.1.jar:/Users/strelnikov/.m2/repository/org/antlr/antlr4-runtime/4.13.0/antlr4-runtime-4.13.0.jar:/Users/strelnikov/.m2/repository/org/springframework/data/spring-data-jpa/3.2.2/spring-data-jpa-3.2.2.jar:/Users/strelnikov/.m2/repository/org/springframework/data/spring-data-commons/3.2.2/spring-data-commons-3.2.2.jar:/Users/strelnikov/.m2/repository/org/springframework/spring-orm/6.1.3/spring-orm-6.1.3.jar:/Users/strelnikov/.m2/repository/org/springframework/spring-context/6.1.3/spring-context-6.1.3.jar:/Users/strelnikov/.m2/repository/org/springframework/spring-tx/6.1.3/spring-tx-6.1.3.jar:/Users/strelnikov/.m2/repository/org/springframework/spring-beans/6.1.3/spring-beans-6.1.3.jar:/Users/strelnikov/.m2/repository/jakarta/annotation/jakarta.annotation-api/2.1.1/jakarta.annotation-api-2.1.1.jar:/Users/strelnikov/.m2/repository/org/slf4j/slf4j-api/2.0.11/slf4j-api-2.0.11.jar:/Users/strelnikov/.m2/repository/org/springframework/spring-aspects/6.1.3/spring-aspects-6.1.3.jar:/Users/strelnikov/.m2/repository/org/springframework/boot/spring-boot-starter-web/3.2.2/spring-boot-starter-web-3.2.2.jar:/Users/strelnikov/.m2/repository/org/springframework/boot/spring-boot-starter/3.2.2/spring-boot-starter-3.2.2.jar:/Users/strelnikov/.m2/repository/org/springframework/boot/spring-boot/3.2.2/spring-boot-3.2.2.jar:/Users/strelnikov/.m2/repository/org/springframework/boot/spring-boot-autoconfigure/3.2.2/spring-boot-autoconfigure-3.2.2.jar:/Users/strelnikov/.m2/repository/org/springframework/boot/spring-boot-starter-logging/3.2.2/spring-boot-starter-logging-3.2.2.jar:/Users/strelnikov/.m2/repository/ch/qos/logback/logback-classic/1.4.14/logback-classic-1.4.14.jar:/Users/strelnikov/.m2/repository/ch/qos/logback/logback-core/1.4.14/logback-core-1.4.14.jar:/Users/strelnikov/.m2/repository/org/apache/logging/log4j/log4j-to-slf4j/2.21.1/log4j-to-slf4j-2.21.1.jar:/Users/strelnikov/.m2/repository/org/apache/logging/log4j/log4j-api/2.21.1/log4j-api-2.21.1.jar:/Users/strelnikov/.m2/repository/org/slf4j/jul-to-slf4j/2.0.11/jul-to-slf4j-2.0.11.jar:/Users/strelnikov/.m2/repository/org/yaml/snakeyaml/2.2/snakeyaml-2.2.jar:/Users/strelnikov/.m2/repository/org/springframework/boot/spring-boot-starter-json/3.2.2/spring-boot-starter-json-3.2.2.jar:/Users/strelnikov/.m2/repository/com/fasterxml/jackson/core/jackson-databind/2.15.3/jackson-databind-2.15.3.jar:/Users/strelnikov/.m2/repository/com/fasterxml/jackson/core/jackson-annotations/2.15.3/jackson-annotations-2.15.3.jar:/Users/strelnikov/.m2/repository/com/fasterxml/jackson/core/jackson-core/2.15.3/jackson-core-2.15.3.jar:/Users/strelnikov/.m2/repository/com/fasterxml/jackson/datatype/jackson-datatype-jdk8/2.15.3/jackson-datatype-jdk8-2.15.3.jar:/Users/strelnikov/.m2/repository/com/fasterxml/jackson/datatype/jackson-datatype-jsr310/2.15.3/jackson-datatype-jsr310-2.15.3.jar:/Users/strelnikov/.m2/repository/com/fasterxml/jackson/module/jackson-module-parameter-names/2.15.3/jackson-module-parameter-names-2.15.3.jar:/Users/strelnikov/.m2/repository/org/springframework/boot/spring-boot-starter-tomcat/3.2.2/spring-boot-starter-tomcat-3.2.2.jar:/Users/strelnikov/.m2/repository/org/apache/tomcat/embed/tomcat-embed-core/10.1.18/tomcat-embed-core-10.1.18.jar:/Users/strelnikov/.m2/repository/org/apache/tomcat/embed/tomcat-embed-el/10.1.18/tomcat-embed-el-10.1.18.jar:/Users/strelnikov/.m2/repository/org/apache/tomcat/embed/tomcat-embed-websocket/10.1.18/tomcat-embed-websocket-10.1.18.jar:/Users/strelnikov/.m2/repository/org/springframework/spring-web/6.1.3/spring-web-6.1.3.jar:/Users/strelnikov/.m2/repository/io/micrometer/micrometer-observation/1.12.2/micrometer-observation-1.12.2.jar:/Users/strelnikov/.m2/repository/io/micrometer/micrometer-commons/1.12.2/micrometer-commons-1.12.2.jar:/Users/strelnikov/.m2/repository/org/springframework/spring-webmvc/6.1.3/spring-webmvc-6.1.3.jar:/Users/strelnikov/.m2/repository/org/springframework/spring-expression/6.1.3/spring-expression-6.1.3.jar:/Users/strelnikov/.m2/repository/org/postgresql/postgresql/42.6.0/postgresql-42.6.0.jar:/Users/strelnikov/.m2/repository/org/checkerframework/checker-qual/3.31.0/checker-qual-3.31.0.jar:/Users/strelnikov/.m2/repository/org/mapstruct/mapstruct/1.5.5.Final/mapstruct-1.5.5.Final.jar:/Users/strelnikov/.m2/repository/org/springframework/boot/spring-boot-starter-test/3.2.2/spring-boot-starter-test-3.2.2.jar:/Users/strelnikov/.m2/repository/org/springframework/boot/spring-boot-test/3.2.2/spring-boot-test-3.2.2.jar:/Users/strelnikov/.m2/repository/org/springframework/boot/spring-boot-test-autoconfigure/3.2.2/spring-boot-test-autoconfigure-3.2.2.jar:/Users/strelnikov/.m2/repository/com/jayway/jsonpath/json-path/2.8.0/json-path-2.8.0.jar:/Users/strelnikov/.m2/repository/jakarta/xml/bind/jakarta.xml.bind-api/4.0.1/jakarta.xml.bind-api-4.0.1.jar:/Users/strelnikov/.m2/repository/jakarta/activation/jakarta.activation-api/2.1.2/jakarta.activation-api-2.1.2.jar:/Users/strelnikov/.m2/repository/net/minidev/json-smart/2.5.0/json-smart-2.5.0.jar:/Users/strelnikov/.m2/repository/net/minidev/accessors-smart/2.5.0/accessors-smart-2.5.0.jar:/Users/strelnikov/.m2/repository/org/ow2/asm/asm/9.3/asm-9.3.jar:/Users/strelnikov/.m2/repository/org/assertj/assertj-core/3.24.2/assertj-core-3.24.2.jar:/Users/strelnikov/.m2/repository/org/awaitility/awaitility/4.2.0/awaitility-4.2.0.jar:/Users/strelnikov/.m2/repository/org/hamcrest/hamcrest/2.2/hamcrest-2.2.jar:/Users/strelnikov/.m2/repository/org/junit/jupiter/junit-jupiter/5.10.1/junit-jupiter-5.10.1.jar:/Users/strelnikov/.m2/repository/org/junit/jupiter/junit-jupiter-api/5.10.1/junit-jupiter-api-5.10.1.jar:/Users/strelnikov/.m2/repository/org/opentest4j/opentest4j/1.3.0/opentest4j-1.3.0.jar:/Users/strelnikov/.m2/repository/org/junit/platform/junit-platform-commons/1.10.1/junit-platform-commons-1.10.1.jar:/Users/strelnikov/.m2/repository/org/apiguardian/apiguardian-api/1.1.2/apiguardian-api-1.1.2.jar:/Users/strelnikov/.m2/repository/org/junit/jupiter/junit-jupiter-params/5.10.1/junit-jupiter-params-5.10.1.jar:/Users/strelnikov/.m2/repository/org/junit/jupiter/junit-jupiter-engine/5.10.1/junit-jupiter-engine-5.10.1.jar:/Users/strelnikov/.m2/repository/org/junit/platform/junit-platform-engine/1.10.1/junit-platform-engine-1.10.1.jar:/Users/strelnikov/.m2/repository/org/mockito/mockito-core/5.7.0/mockito-core-5.7.0.jar:/Users/strelnikov/.m2/repository/net/bytebuddy/byte-buddy-agent/1.14.11/byte-buddy-agent-1.14.11.jar:/Users/strelnikov/.m2/repository/org/objenesis/objenesis/3.3/objenesis-3.3.jar:/Users/strelnikov/.m2/repository/org/mockito/mockito-junit-jupiter/5.7.0/mockito-junit-jupiter-5.7.0.jar:/Users/strelnikov/.m2/repository/org/skyscreamer/jsonassert/1.5.1/jsonassert-1.5.1.jar:/Users/strelnikov/.m2/repository/com/vaadin/external/google/android-json/0.0.20131108.vaadin1/android-json-0.0.20131108.vaadin1.jar:/Users/strelnikov/.m2/repository/org/springframework/spring-core/6.1.3/spring-core-6.1.3.jar:/Users/strelnikov/.m2/repository/org/springframework/spring-jcl/6.1.3/spring-jcl-6.1.3.jar:/Users/strelnikov/.m2/repository/org/springframework/spring-test/6.1.3/spring-test-6.1.3.jar:/Users/strelnikov/.m2/repository/org/xmlunit/xmlunit-core/2.9.1/xmlunit-core-2.9.1.jar:/Users/strelnikov/.m2/repository/com/h2database/h2/2.2.224/h2-2.2.224.jar:"/>
    <property name="sun.cpu.endian" value="little"/>
    <property name="user.home" value="/Users/strelnikov"/>
    <property name="user.language" value="en"/>
    <property name="java.specification.vendor" value="Oracle Corporation"/>
    <property name="java.version.date" value="2023-01-17"/>
    <property name="java.home" value="/opt/homebrew/Cellar/openjdk/19.0.2/libexec/openjdk.jdk/Contents/Home"/>
    <property name="file.separator" value="/"/>
    <property name="basedir" value="/Users/strelnikov/Documents/dev/my-java/Templates/postgres-jpa"/>
    <property name="java.vm.compressedOopsMode" value="Zero based"/>
    <property name="line.separator" value="&#10;"/>
    <property name="java.vm.specification.vendor" value="Oracle Corporation"/>
    <property name="java.specification.name" value="Java Platform API Specification"/>
    <property name="FILE_LOG_CHARSET" value="UTF-8"/>
    <property name="java.awt.headless" value="true"/>
    <property name="apple.awt.application.name" value="ForkedBooter"/>
    <property name="surefire.real.class.path" value="/Users/strelnikov/Documents/dev/my-java/Templates/postgres-jpa/target/surefire/surefirebooter-20240209233540436_3.jar"/>
    <property name="sun.management.compiler" value="HotSpot 64-Bit Tiered Compilers"/>
    <property name="ftp.nonProxyHosts" value="local|*.local|169.254/16|*.169.254/16"/>
    <property name="java.runtime.version" value="19.0.2"/>
    <property name="user.name" value="strelnikov"/>
    <property name="stdout.encoding" value="UTF-8"/>
    <property name="path.separator" value=":"/>
    <property name="os.version" value="14.1.1"/>
    <property name="java.runtime.name" value="OpenJDK Runtime Environment"/>
    <property name="file.encoding" value="UTF-8"/>
    <property name="java.vm.name" value="OpenJDK 64-Bit Server VM"/>
    <property name="java.vendor.version" value="Homebrew"/>
    <property name="localRepository" value="/Users/strelnikov/.m2/repository"/>
    <property name="java.vendor.url.bug" value="https://github.com/Homebrew/homebrew-core/issues"/>
    <property name="java.io.tmpdir" value="/var/folders/t3/yx180bgx5s1gbfyxr7_1n1v40000gn/T/"/>
    <property name="com.zaxxer.hikari.pool_number" value="22"/>
    <property name="java.version" value="19.0.2"/>
    <property name="user.dir" value="/Users/strelnikov/Documents/dev/my-java/Templates/postgres-jpa"/>
    <property name="os.arch" value="aarch64"/>
    <property name="java.vm.specification.name" value="Java Virtual Machine Specification"/>
    <property name="PID" value="43483"/>
    <property name="CONSOLE_LOG_CHARSET" value="UTF-8"/>
    <property name="native.encoding" value="UTF-8"/>
    <property name="java.library.path" value="/Users/strelnikov/Library/Java/Extensions:/Library/Java/Extensions:/Network/Library/Java/Extensions:/System/Library/Java/Extensions:/usr/lib/java:."/>
    <property name="java.vm.info" value="mixed mode, sharing"/>
    <property name="stderr.encoding" value="UTF-8"/>
    <property name="java.vendor" value="Homebrew"/>
    <property name="java.vm.version" value="19.0.2"/>
    <property name="sun.io.unicode.encoding" value="UnicodeBig"/>
    <property name="socksNonProxyHosts" value="local|*.local|169.254/16|*.169.254/16"/>
    <property name="java.class.version" value="63.0"/>
  </properties>
  <testcase name="testThatFullUpdateUpdatesExistingAuthor" classname="com.stelnikov.postgresjpa.controller.AuthorControllerIntegrationTest" time="0.218">
    <system-out><![CDATA[2024-02-09T23:35:45.041-05:00  INFO 43483 --- [           main] t.c.s.AnnotationConfigContextLoaderUtils : Could not detect default configuration classes for test class [com.stelnikov.postgresjpa.controller.AuthorControllerIntegrationTest]: AuthorControllerIntegrationTest does not declare any static, non-private, non-final, nested classes annotated with @Configuration.
2024-02-09T23:35:45.047-05:00  INFO 43483 --- [           main] .b.t.c.SpringBootTestContextBootstrapper : Found @SpringBootConfiguration com.stelnikov.postgresjpa.PostgresJpaApplication for test class com.stelnikov.postgresjpa.controller.AuthorControllerIntegrationTest

  .   ____          _            __ _ _
 /\\ / ___'_ __ _ _(_)_ __  __ _ \ \ \ \
( ( )\___ | '_ | '_| | '_ \/ _` | \ \ \ \
 \\/  ___)| |_)| | | | | || (_| |  ) ) ) )
  '  |____| .__|_| |_|_| |_\__, | / / / /
 =========|_|==============|___/=/_/_/_/
 :: Spring Boot ::                (v3.2.2)

2024-02-09T23:35:45.056-05:00  INFO 43483 --- [           main] c.s.p.c.AuthorControllerIntegrationTest  : Starting AuthorControllerIntegrationTest using Java 19.0.2 with PID 43483 (started by strelnikov in /Users/strelnikov/Documents/dev/my-java/Templates/postgres-jpa)
2024-02-09T23:35:45.056-05:00  INFO 43483 --- [           main] c.s.p.c.AuthorControllerIntegrationTest  : No active profile set, falling back to 1 default profile: "default"
2024-02-09T23:35:45.109-05:00  INFO 43483 --- [           main] .s.d.r.c.RepositoryConfigurationDelegate : Bootstrapping Spring Data JPA repositories in DEFAULT mode.
2024-02-09T23:35:45.114-05:00  INFO 43483 --- [           main] .s.d.r.c.RepositoryConfigurationDelegate : Finished Spring Data repository scanning in 5 ms. Found 2 JPA repository interfaces.
2024-02-09T23:35:45.144-05:00  INFO 43483 --- [           main] com.zaxxer.hikari.HikariDataSource       : HikariPool-9 - Starting...
2024-02-09T23:35:45.144-05:00  INFO 43483 --- [           main] com.zaxxer.hikari.pool.HikariPool        : HikariPool-9 - Added connection conn33: url=jdbc:h2:mem:testdb:MODE=PostgreSQL user=SA
2024-02-09T23:35:45.144-05:00  INFO 43483 --- [           main] com.zaxxer.hikari.HikariDataSource       : HikariPool-9 - Start completed.
2024-02-09T23:35:45.145-05:00  INFO 43483 --- [           main] o.hibernate.jpa.internal.util.LogHelper  : HHH000204: Processing PersistenceUnitInfo [name: default]
2024-02-09T23:35:45.145-05:00  INFO 43483 --- [           main] o.h.c.internal.RegionFactoryInitiator    : HHH000026: Second-level cache disabled
2024-02-09T23:35:45.146-05:00  INFO 43483 --- [           main] o.s.o.j.p.SpringPersistenceUnitInfo      : No LoadTimeWeaver setup: ignoring JPA class transformer
2024-02-09T23:35:45.161-05:00  INFO 43483 --- [           main] o.h.e.t.j.p.i.JtaPlatformInitiator       : HHH000489: No JTA platform available (set 'hibernate.transaction.jta.platform' to enable JTA platform integration)
2024-02-09T23:35:45.164-05:00  INFO 43483 --- [           main] j.LocalContainerEntityManagerFactoryBean : Initialized JPA EntityManagerFactory for persistence unit 'default'
2024-02-09T23:35:45.191-05:00  WARN 43483 --- [           main] JpaBaseConfiguration$JpaWebConfiguration : spring.jpa.open-in-view is enabled by default. Therefore, database queries may be performed during view rendering. Explicitly configure spring.jpa.open-in-view to disable this warning
2024-02-09T23:35:45.238-05:00  INFO 43483 --- [           main] o.s.b.t.m.w.SpringBootMockServletContext : Initializing Spring TestDispatcherServlet ''
2024-02-09T23:35:45.238-05:00  INFO 43483 --- [           main] o.s.t.web.servlet.TestDispatcherServlet  : Initializing Servlet ''
2024-02-09T23:35:45.239-05:00  INFO 43483 --- [           main] o.s.t.web.servlet.TestDispatcherServlet  : Completed initialization in 0 ms
2024-02-09T23:35:45.243-05:00  INFO 43483 --- [           main] c.s.p.c.AuthorControllerIntegrationTest  : Started AuthorControllerIntegrationTest in 0.194 seconds (process running for 4.755)
2024-02-09T23:35:45.462-05:00  INFO 43483 --- [           main] j.LocalContainerEntityManagerFactoryBean : Closing JPA EntityManagerFactory for persistence unit 'default'
2024-02-09T23:35:45.462-05:00  INFO 43483 --- [           main] com.zaxxer.hikari.HikariDataSource       : HikariPool-9 - Shutdown initiated...
2024-02-09T23:35:45.463-05:00  INFO 43483 --- [           main] com.zaxxer.hikari.HikariDataSource       : HikariPool-9 - Shutdown completed.
]]></system-out>
  </testcase>
  <testcase name="testThatPartialUpdateExistingAuthorReturnsUpdatedAuthor" classname="com.stelnikov.postgresjpa.controller.AuthorControllerIntegrationTest" time="0.02">
    <system-out><![CDATA[
  .   ____          _            __ _ _
 /\\ / ___'_ __ _ _(_)_ __  __ _ \ \ \ \
( ( )\___ | '_ | '_| | '_ \/ _` | \ \ \ \
 \\/  ___)| |_)| | | | | || (_| |  ) ) ) )
  '  |____| .__|_| |_|_| |_\__, | / / / /
 =========|_|==============|___/=/_/_/_/
 :: Spring Boot ::                (v3.2.2)

2024-02-09T23:35:45.473-05:00  INFO 43483 --- [           main] c.s.p.c.AuthorControllerIntegrationTest  : Starting AuthorControllerIntegrationTest using Java 19.0.2 with PID 43483 (started by strelnikov in /Users/strelnikov/Documents/dev/my-java/Templates/postgres-jpa)
2024-02-09T23:35:45.473-05:00  INFO 43483 --- [           main] c.s.p.c.AuthorControllerIntegrationTest  : No active profile set, falling back to 1 default profile: "default"
2024-02-09T23:35:45.530-05:00  INFO 43483 --- [           main] .s.d.r.c.RepositoryConfigurationDelegate : Bootstrapping Spring Data JPA repositories in DEFAULT mode.
2024-02-09T23:35:45.534-05:00  INFO 43483 --- [           main] .s.d.r.c.RepositoryConfigurationDelegate : Finished Spring Data repository scanning in 3 ms. Found 2 JPA repository interfaces.
2024-02-09T23:35:45.560-05:00  INFO 43483 --- [           main] com.zaxxer.hikari.HikariDataSource       : HikariPool-10 - Starting...
2024-02-09T23:35:45.561-05:00  INFO 43483 --- [           main] com.zaxxer.hikari.pool.HikariPool        : HikariPool-10 - Added connection conn45: url=jdbc:h2:mem:testdb:MODE=PostgreSQL user=SA
2024-02-09T23:35:45.561-05:00  INFO 43483 --- [           main] com.zaxxer.hikari.HikariDataSource       : HikariPool-10 - Start completed.
2024-02-09T23:35:45.561-05:00  INFO 43483 --- [           main] o.hibernate.jpa.internal.util.LogHelper  : HHH000204: Processing PersistenceUnitInfo [name: default]
2024-02-09T23:35:45.562-05:00  INFO 43483 --- [           main] o.h.c.internal.RegionFactoryInitiator    : HHH000026: Second-level cache disabled
2024-02-09T23:35:45.563-05:00  INFO 43483 --- [           main] o.s.o.j.p.SpringPersistenceUnitInfo      : No LoadTimeWeaver setup: ignoring JPA class transformer
2024-02-09T23:35:45.591-05:00  INFO 43483 --- [           main] o.h.e.t.j.p.i.JtaPlatformInitiator       : HHH000489: No JTA platform available (set 'hibernate.transaction.jta.platform' to enable JTA platform integration)
2024-02-09T23:35:45.593-05:00  INFO 43483 --- [           main] j.LocalContainerEntityManagerFactoryBean : Initialized JPA EntityManagerFactory for persistence unit 'default'
2024-02-09T23:35:45.621-05:00  WARN 43483 --- [           main] JpaBaseConfiguration$JpaWebConfiguration : spring.jpa.open-in-view is enabled by default. Therefore, database queries may be performed during view rendering. Explicitly configure spring.jpa.open-in-view to disable this warning
2024-02-09T23:35:45.654-05:00  INFO 43483 --- [           main] o.s.b.t.m.w.SpringBootMockServletContext : Initializing Spring TestDispatcherServlet ''
2024-02-09T23:35:45.654-05:00  INFO 43483 --- [           main] o.s.t.web.servlet.TestDispatcherServlet  : Initializing Servlet ''
2024-02-09T23:35:45.655-05:00  INFO 43483 --- [           main] o.s.t.web.servlet.TestDispatcherServlet  : Completed initialization in 1 ms
2024-02-09T23:35:45.658-05:00  INFO 43483 --- [           main] c.s.p.c.AuthorControllerIntegrationTest  : Started AuthorControllerIntegrationTest in 0.194 seconds (process running for 5.17)
2024-02-09T23:35:45.670-05:00  INFO 43483 --- [           main] j.LocalContainerEntityManagerFactoryBean : Closing JPA EntityManagerFactory for persistence unit 'default'
2024-02-09T23:35:45.671-05:00  INFO 43483 --- [           main] com.zaxxer.hikari.HikariDataSource       : HikariPool-10 - Shutdown initiated...
2024-02-09T23:35:45.679-05:00  INFO 43483 --- [           main] com.zaxxer.hikari.HikariDataSource       : HikariPool-10 - Shutdown completed.
]]></system-out>
  </testcase>
  <testcase name="testThatDeleteSuccessfullyReturnHttp204ForExistingAuthor" classname="com.stelnikov.postgresjpa.controller.AuthorControllerIntegrationTest" time="0.009">
    <system-out><![CDATA[
  .   ____          _            __ _ _
 /\\ / ___'_ __ _ _(_)_ __  __ _ \ \ \ \
( ( )\___ | '_ | '_| | '_ \/ _` | \ \ \ \
 \\/  ___)| |_)| | | | | || (_| |  ) ) ) )
  '  |____| .__|_| |_|_| |_\__, | / / / /
 =========|_|==============|___/=/_/_/_/
 :: Spring Boot ::                (v3.2.2)

2024-02-09T23:35:45.691-05:00  INFO 43483 --- [           main] c.s.p.c.AuthorControllerIntegrationTest  : Starting AuthorControllerIntegrationTest using Java 19.0.2 with PID 43483 (started by strelnikov in /Users/strelnikov/Documents/dev/my-java/Templates/postgres-jpa)
2024-02-09T23:35:45.691-05:00  INFO 43483 --- [           main] c.s.p.c.AuthorControllerIntegrationTest  : No active profile set, falling back to 1 default profile: "default"
2024-02-09T23:35:45.741-05:00  INFO 43483 --- [           main] .s.d.r.c.RepositoryConfigurationDelegate : Bootstrapping Spring Data JPA repositories in DEFAULT mode.
2024-02-09T23:35:45.749-05:00  INFO 43483 --- [           main] .s.d.r.c.RepositoryConfigurationDelegate : Finished Spring Data repository scanning in 8 ms. Found 2 JPA repository interfaces.
2024-02-09T23:35:45.772-05:00  INFO 43483 --- [           main] com.zaxxer.hikari.HikariDataSource       : HikariPool-11 - Starting...
2024-02-09T23:35:45.773-05:00  INFO 43483 --- [           main] com.zaxxer.hikari.pool.HikariPool        : HikariPool-11 - Added connection conn47: url=jdbc:h2:mem:testdb:MODE=PostgreSQL user=SA
2024-02-09T23:35:45.773-05:00  INFO 43483 --- [           main] com.zaxxer.hikari.HikariDataSource       : HikariPool-11 - Start completed.
2024-02-09T23:35:45.773-05:00  INFO 43483 --- [           main] o.hibernate.jpa.internal.util.LogHelper  : HHH000204: Processing PersistenceUnitInfo [name: default]
2024-02-09T23:35:45.774-05:00  INFO 43483 --- [           main] o.h.c.internal.RegionFactoryInitiator    : HHH000026: Second-level cache disabled
2024-02-09T23:35:45.775-05:00  INFO 43483 --- [           main] o.s.o.j.p.SpringPersistenceUnitInfo      : No LoadTimeWeaver setup: ignoring JPA class transformer
2024-02-09T23:35:45.792-05:00  INFO 43483 --- [           main] o.h.e.t.j.p.i.JtaPlatformInitiator       : HHH000489: No JTA platform available (set 'hibernate.transaction.jta.platform' to enable JTA platform integration)
2024-02-09T23:35:45.794-05:00  INFO 43483 --- [           main] j.LocalContainerEntityManagerFactoryBean : Initialized JPA EntityManagerFactory for persistence unit 'default'
2024-02-09T23:35:45.826-05:00  WARN 43483 --- [           main] JpaBaseConfiguration$JpaWebConfiguration : spring.jpa.open-in-view is enabled by default. Therefore, database queries may be performed during view rendering. Explicitly configure spring.jpa.open-in-view to disable this warning
2024-02-09T23:35:45.855-05:00  INFO 43483 --- [           main] o.s.b.t.m.w.SpringBootMockServletContext : Initializing Spring TestDispatcherServlet ''
2024-02-09T23:35:45.855-05:00  INFO 43483 --- [           main] o.s.t.web.servlet.TestDispatcherServlet  : Initializing Servlet ''
2024-02-09T23:35:45.855-05:00  INFO 43483 --- [           main] o.s.t.web.servlet.TestDispatcherServlet  : Completed initialization in 0 ms
2024-02-09T23:35:45.861-05:00  INFO 43483 --- [           main] c.s.p.c.AuthorControllerIntegrationTest  : Started AuthorControllerIntegrationTest in 0.181 seconds (process running for 5.374)
2024-02-09T23:35:45.870-05:00  INFO 43483 --- [           main] j.LocalContainerEntityManagerFactoryBean : Closing JPA EntityManagerFactory for persistence unit 'default'
2024-02-09T23:35:45.871-05:00  INFO 43483 --- [           main] com.zaxxer.hikari.HikariDataSource       : HikariPool-11 - Shutdown initiated...
2024-02-09T23:35:45.871-05:00  INFO 43483 --- [           main] com.zaxxer.hikari.HikariDataSource       : HikariPool-11 - Shutdown completed.
]]></system-out>
  </testcase>
  <testcase name="testThatGetAllReturnsHttpStatus200" classname="com.stelnikov.postgresjpa.controller.AuthorControllerIntegrationTest" time="0.008">
    <system-out><![CDATA[
  .   ____          _            __ _ _
 /\\ / ___'_ __ _ _(_)_ __  __ _ \ \ \ \
( ( )\___ | '_ | '_| | '_ \/ _` | \ \ \ \
 \\/  ___)| |_)| | | | | || (_| |  ) ) ) )
  '  |____| .__|_| |_|_| |_\__, | / / / /
 =========|_|==============|___/=/_/_/_/
 :: Spring Boot ::                (v3.2.2)

2024-02-09T23:35:45.879-05:00  INFO 43483 --- [           main] c.s.p.c.AuthorControllerIntegrationTest  : Starting AuthorControllerIntegrationTest using Java 19.0.2 with PID 43483 (started by strelnikov in /Users/strelnikov/Documents/dev/my-java/Templates/postgres-jpa)
2024-02-09T23:35:45.879-05:00  INFO 43483 --- [           main] c.s.p.c.AuthorControllerIntegrationTest  : No active profile set, falling back to 1 default profile: "default"
2024-02-09T23:35:45.926-05:00  INFO 43483 --- [           main] .s.d.r.c.RepositoryConfigurationDelegate : Bootstrapping Spring Data JPA repositories in DEFAULT mode.
2024-02-09T23:35:45.930-05:00  INFO 43483 --- [           main] .s.d.r.c.RepositoryConfigurationDelegate : Finished Spring Data repository scanning in 3 ms. Found 2 JPA repository interfaces.
2024-02-09T23:35:45.953-05:00  INFO 43483 --- [           main] com.zaxxer.hikari.HikariDataSource       : HikariPool-12 - Starting...
2024-02-09T23:35:45.954-05:00  INFO 43483 --- [           main] com.zaxxer.hikari.pool.HikariPool        : HikariPool-12 - Added connection conn48: url=jdbc:h2:mem:testdb:MODE=PostgreSQL user=SA
2024-02-09T23:35:45.954-05:00  INFO 43483 --- [           main] com.zaxxer.hikari.HikariDataSource       : HikariPool-12 - Start completed.
2024-02-09T23:35:45.954-05:00  INFO 43483 --- [           main] o.hibernate.jpa.internal.util.LogHelper  : HHH000204: Processing PersistenceUnitInfo [name: default]
2024-02-09T23:35:45.955-05:00  INFO 43483 --- [           main] o.h.c.internal.RegionFactoryInitiator    : HHH000026: Second-level cache disabled
2024-02-09T23:35:45.956-05:00  INFO 43483 --- [           main] o.s.o.j.p.SpringPersistenceUnitInfo      : No LoadTimeWeaver setup: ignoring JPA class transformer
2024-02-09T23:35:45.971-05:00  INFO 43483 --- [           main] o.h.e.t.j.p.i.JtaPlatformInitiator       : HHH000489: No JTA platform available (set 'hibernate.transaction.jta.platform' to enable JTA platform integration)
2024-02-09T23:35:45.973-05:00  INFO 43483 --- [           main] j.LocalContainerEntityManagerFactoryBean : Initialized JPA EntityManagerFactory for persistence unit 'default'
2024-02-09T23:35:46.002-05:00  WARN 43483 --- [           main] JpaBaseConfiguration$JpaWebConfiguration : spring.jpa.open-in-view is enabled by default. Therefore, database queries may be performed during view rendering. Explicitly configure spring.jpa.open-in-view to disable this warning
2024-02-09T23:35:46.030-05:00  INFO 43483 --- [           main] o.s.b.t.m.w.SpringBootMockServletContext : Initializing Spring TestDispatcherServlet ''
2024-02-09T23:35:46.030-05:00  INFO 43483 --- [           main] o.s.t.web.servlet.TestDispatcherServlet  : Initializing Servlet ''
2024-02-09T23:35:46.030-05:00  INFO 43483 --- [           main] o.s.t.web.servlet.TestDispatcherServlet  : Completed initialization in 0 ms
2024-02-09T23:35:46.033-05:00  INFO 43483 --- [           main] c.s.p.c.AuthorControllerIntegrationTest  : Started AuthorControllerIntegrationTest in 0.16 seconds (process running for 5.546)
2024-02-09T23:35:46.041-05:00  INFO 43483 --- [           main] j.LocalContainerEntityManagerFactoryBean : Closing JPA EntityManagerFactory for persistence unit 'default'
2024-02-09T23:35:46.041-05:00  INFO 43483 --- [           main] com.zaxxer.hikari.HikariDataSource       : HikariPool-12 - Shutdown initiated...
2024-02-09T23:35:46.041-05:00  INFO 43483 --- [           main] com.zaxxer.hikari.HikariDataSource       : HikariPool-12 - Shutdown completed.
]]></system-out>
  </testcase>
  <testcase name="testThatGetAllReturnsListOfAuthors" classname="com.stelnikov.postgresjpa.controller.AuthorControllerIntegrationTest" time="0.013">
    <system-out><![CDATA[
  .   ____          _            __ _ _
 /\\ / ___'_ __ _ _(_)_ __  __ _ \ \ \ \
( ( )\___ | '_ | '_| | '_ \/ _` | \ \ \ \
 \\/  ___)| |_)| | | | | || (_| |  ) ) ) )
  '  |____| .__|_| |_|_| |_\__, | / / / /
 =========|_|==============|___/=/_/_/_/
 :: Spring Boot ::                (v3.2.2)

2024-02-09T23:35:46.049-05:00  INFO 43483 --- [           main] c.s.p.c.AuthorControllerIntegrationTest  : Starting AuthorControllerIntegrationTest using Java 19.0.2 with PID 43483 (started by strelnikov in /Users/strelnikov/Documents/dev/my-java/Templates/postgres-jpa)
2024-02-09T23:35:46.049-05:00  INFO 43483 --- [           main] c.s.p.c.AuthorControllerIntegrationTest  : No active profile set, falling back to 1 default profile: "default"
2024-02-09T23:35:46.095-05:00  INFO 43483 --- [           main] .s.d.r.c.RepositoryConfigurationDelegate : Bootstrapping Spring Data JPA repositories in DEFAULT mode.
2024-02-09T23:35:46.099-05:00  INFO 43483 --- [           main] .s.d.r.c.RepositoryConfigurationDelegate : Finished Spring Data repository scanning in 3 ms. Found 2 JPA repository interfaces.
2024-02-09T23:35:46.120-05:00  INFO 43483 --- [           main] com.zaxxer.hikari.HikariDataSource       : HikariPool-13 - Starting...
2024-02-09T23:35:46.120-05:00  INFO 43483 --- [           main] com.zaxxer.hikari.pool.HikariPool        : HikariPool-13 - Added connection conn49: url=jdbc:h2:mem:testdb:MODE=PostgreSQL user=SA
2024-02-09T23:35:46.120-05:00  INFO 43483 --- [           main] com.zaxxer.hikari.HikariDataSource       : HikariPool-13 - Start completed.
2024-02-09T23:35:46.121-05:00  INFO 43483 --- [           main] o.hibernate.jpa.internal.util.LogHelper  : HHH000204: Processing PersistenceUnitInfo [name: default]
2024-02-09T23:35:46.122-05:00  INFO 43483 --- [           main] o.h.c.internal.RegionFactoryInitiator    : HHH000026: Second-level cache disabled
2024-02-09T23:35:46.123-05:00  INFO 43483 --- [           main] o.s.o.j.p.SpringPersistenceUnitInfo      : No LoadTimeWeaver setup: ignoring JPA class transformer
2024-02-09T23:35:46.137-05:00  INFO 43483 --- [           main] o.h.e.t.j.p.i.JtaPlatformInitiator       : HHH000489: No JTA platform available (set 'hibernate.transaction.jta.platform' to enable JTA platform integration)
2024-02-09T23:35:46.139-05:00  INFO 43483 --- [           main] j.LocalContainerEntityManagerFactoryBean : Initialized JPA EntityManagerFactory for persistence unit 'default'
2024-02-09T23:35:46.168-05:00  WARN 43483 --- [           main] JpaBaseConfiguration$JpaWebConfiguration : spring.jpa.open-in-view is enabled by default. Therefore, database queries may be performed during view rendering. Explicitly configure spring.jpa.open-in-view to disable this warning
2024-02-09T23:35:46.194-05:00  INFO 43483 --- [           main] o.s.b.t.m.w.SpringBootMockServletContext : Initializing Spring TestDispatcherServlet ''
2024-02-09T23:35:46.194-05:00  INFO 43483 --- [           main] o.s.t.web.servlet.TestDispatcherServlet  : Initializing Servlet ''
2024-02-09T23:35:46.194-05:00  INFO 43483 --- [           main] o.s.t.web.servlet.TestDispatcherServlet  : Completed initialization in 0 ms
2024-02-09T23:35:46.197-05:00  INFO 43483 --- [           main] c.s.p.c.AuthorControllerIntegrationTest  : Started AuthorControllerIntegrationTest in 0.155 seconds (process running for 5.709)
2024-02-09T23:35:46.210-05:00  INFO 43483 --- [           main] j.LocalContainerEntityManagerFactoryBean : Closing JPA EntityManagerFactory for persistence unit 'default'
2024-02-09T23:35:46.211-05:00  INFO 43483 --- [           main] com.zaxxer.hikari.HikariDataSource       : HikariPool-13 - Shutdown initiated...
2024-02-09T23:35:46.211-05:00  INFO 43483 --- [           main] com.zaxxer.hikari.HikariDataSource       : HikariPool-13 - Shutdown completed.
]]></system-out>
  </testcase>
  <testcase name="testThatCreateAuthorSuccessfullyReturnsHttp201Created" classname="com.stelnikov.postgresjpa.controller.AuthorControllerIntegrationTest" time="0.007">
    <system-out><![CDATA[
  .   ____          _            __ _ _
 /\\ / ___'_ __ _ _(_)_ __  __ _ \ \ \ \
( ( )\___ | '_ | '_| | '_ \/ _` | \ \ \ \
 \\/  ___)| |_)| | | | | || (_| |  ) ) ) )
  '  |____| .__|_| |_|_| |_\__, | / / / /
 =========|_|==============|___/=/_/_/_/
 :: Spring Boot ::                (v3.2.2)

2024-02-09T23:35:46.218-05:00  INFO 43483 --- [           main] c.s.p.c.AuthorControllerIntegrationTest  : Starting AuthorControllerIntegrationTest using Java 19.0.2 with PID 43483 (started by strelnikov in /Users/strelnikov/Documents/dev/my-java/Templates/postgres-jpa)
2024-02-09T23:35:46.218-05:00  INFO 43483 --- [           main] c.s.p.c.AuthorControllerIntegrationTest  : No active profile set, falling back to 1 default profile: "default"
2024-02-09T23:35:46.261-05:00  INFO 43483 --- [           main] .s.d.r.c.RepositoryConfigurationDelegate : Bootstrapping Spring Data JPA repositories in DEFAULT mode.
2024-02-09T23:35:46.265-05:00  INFO 43483 --- [           main] .s.d.r.c.RepositoryConfigurationDelegate : Finished Spring Data repository scanning in 3 ms. Found 2 JPA repository interfaces.
2024-02-09T23:35:46.287-05:00  INFO 43483 --- [           main] com.zaxxer.hikari.HikariDataSource       : HikariPool-14 - Starting...
2024-02-09T23:35:46.288-05:00  INFO 43483 --- [           main] com.zaxxer.hikari.pool.HikariPool        : HikariPool-14 - Added connection conn50: url=jdbc:h2:mem:testdb:MODE=PostgreSQL user=SA
2024-02-09T23:35:46.288-05:00  INFO 43483 --- [           main] com.zaxxer.hikari.HikariDataSource       : HikariPool-14 - Start completed.
2024-02-09T23:35:46.288-05:00  INFO 43483 --- [           main] o.hibernate.jpa.internal.util.LogHelper  : HHH000204: Processing PersistenceUnitInfo [name: default]
2024-02-09T23:35:46.289-05:00  INFO 43483 --- [           main] o.h.c.internal.RegionFactoryInitiator    : HHH000026: Second-level cache disabled
2024-02-09T23:35:46.290-05:00  INFO 43483 --- [           main] o.s.o.j.p.SpringPersistenceUnitInfo      : No LoadTimeWeaver setup: ignoring JPA class transformer
2024-02-09T23:35:46.304-05:00  INFO 43483 --- [           main] o.h.e.t.j.p.i.JtaPlatformInitiator       : HHH000489: No JTA platform available (set 'hibernate.transaction.jta.platform' to enable JTA platform integration)
2024-02-09T23:35:46.306-05:00  INFO 43483 --- [           main] j.LocalContainerEntityManagerFactoryBean : Initialized JPA EntityManagerFactory for persistence unit 'default'
2024-02-09T23:35:46.327-05:00  WARN 43483 --- [           main] JpaBaseConfiguration$JpaWebConfiguration : spring.jpa.open-in-view is enabled by default. Therefore, database queries may be performed during view rendering. Explicitly configure spring.jpa.open-in-view to disable this warning
2024-02-09T23:35:46.361-05:00  INFO 43483 --- [           main] o.s.b.t.m.w.SpringBootMockServletContext : Initializing Spring TestDispatcherServlet ''
2024-02-09T23:35:46.361-05:00  INFO 43483 --- [           main] o.s.t.web.servlet.TestDispatcherServlet  : Initializing Servlet ''
2024-02-09T23:35:46.361-05:00  INFO 43483 --- [           main] o.s.t.web.servlet.TestDispatcherServlet  : Completed initialization in 0 ms
2024-02-09T23:35:46.365-05:00  INFO 43483 --- [           main] c.s.p.c.AuthorControllerIntegrationTest  : Started AuthorControllerIntegrationTest in 0.153 seconds (process running for 5.877)
2024-02-09T23:35:46.372-05:00  INFO 43483 --- [           main] j.LocalContainerEntityManagerFactoryBean : Closing JPA EntityManagerFactory for persistence unit 'default'
2024-02-09T23:35:46.373-05:00  INFO 43483 --- [           main] com.zaxxer.hikari.HikariDataSource       : HikariPool-14 - Shutdown initiated...
2024-02-09T23:35:46.373-05:00  INFO 43483 --- [           main] com.zaxxer.hikari.HikariDataSource       : HikariPool-14 - Shutdown completed.
]]></system-out>
  </testcase>
  <testcase name="testThatGetByIdReturnsHttpStatus404WhenNoAuthorExists" classname="com.stelnikov.postgresjpa.controller.AuthorControllerIntegrationTest" time="0.006">
    <system-out><![CDATA[
  .   ____          _            __ _ _
 /\\ / ___'_ __ _ _(_)_ __  __ _ \ \ \ \
( ( )\___ | '_ | '_| | '_ \/ _` | \ \ \ \
 \\/  ___)| |_)| | | | | || (_| |  ) ) ) )
  '  |____| .__|_| |_|_| |_\__, | / / / /
 =========|_|==============|___/=/_/_/_/
 :: Spring Boot ::                (v3.2.2)

2024-02-09T23:35:46.381-05:00  INFO 43483 --- [           main] c.s.p.c.AuthorControllerIntegrationTest  : Starting AuthorControllerIntegrationTest using Java 19.0.2 with PID 43483 (started by strelnikov in /Users/strelnikov/Documents/dev/my-java/Templates/postgres-jpa)
2024-02-09T23:35:46.381-05:00  INFO 43483 --- [           main] c.s.p.c.AuthorControllerIntegrationTest  : No active profile set, falling back to 1 default profile: "default"
2024-02-09T23:35:46.424-05:00  INFO 43483 --- [           main] .s.d.r.c.RepositoryConfigurationDelegate : Bootstrapping Spring Data JPA repositories in DEFAULT mode.
2024-02-09T23:35:46.428-05:00  INFO 43483 --- [           main] .s.d.r.c.RepositoryConfigurationDelegate : Finished Spring Data repository scanning in 3 ms. Found 2 JPA repository interfaces.
2024-02-09T23:35:46.449-05:00  INFO 43483 --- [           main] com.zaxxer.hikari.HikariDataSource       : HikariPool-15 - Starting...
2024-02-09T23:35:46.450-05:00  INFO 43483 --- [           main] com.zaxxer.hikari.pool.HikariPool        : HikariPool-15 - Added connection conn51: url=jdbc:h2:mem:testdb:MODE=PostgreSQL user=SA
2024-02-09T23:35:46.450-05:00  INFO 43483 --- [           main] com.zaxxer.hikari.HikariDataSource       : HikariPool-15 - Start completed.
2024-02-09T23:35:46.451-05:00  INFO 43483 --- [           main] o.hibernate.jpa.internal.util.LogHelper  : HHH000204: Processing PersistenceUnitInfo [name: default]
2024-02-09T23:35:46.452-05:00  INFO 43483 --- [           main] o.h.c.internal.RegionFactoryInitiator    : HHH000026: Second-level cache disabled
2024-02-09T23:35:46.453-05:00  INFO 43483 --- [           main] o.s.o.j.p.SpringPersistenceUnitInfo      : No LoadTimeWeaver setup: ignoring JPA class transformer
2024-02-09T23:35:46.467-05:00  INFO 43483 --- [           main] o.h.e.t.j.p.i.JtaPlatformInitiator       : HHH000489: No JTA platform available (set 'hibernate.transaction.jta.platform' to enable JTA platform integration)
2024-02-09T23:35:46.469-05:00  INFO 43483 --- [           main] j.LocalContainerEntityManagerFactoryBean : Initialized JPA EntityManagerFactory for persistence unit 'default'
2024-02-09T23:35:46.492-05:00  WARN 43483 --- [           main] JpaBaseConfiguration$JpaWebConfiguration : spring.jpa.open-in-view is enabled by default. Therefore, database queries may be performed during view rendering. Explicitly configure spring.jpa.open-in-view to disable this warning
2024-02-09T23:35:46.524-05:00  INFO 43483 --- [           main] o.s.b.t.m.w.SpringBootMockServletContext : Initializing Spring TestDispatcherServlet ''
2024-02-09T23:35:46.524-05:00  INFO 43483 --- [           main] o.s.t.web.servlet.TestDispatcherServlet  : Initializing Servlet ''
2024-02-09T23:35:46.524-05:00  INFO 43483 --- [           main] o.s.t.web.servlet.TestDispatcherServlet  : Completed initialization in 0 ms
2024-02-09T23:35:46.527-05:00  INFO 43483 --- [           main] c.s.p.c.AuthorControllerIntegrationTest  : Started AuthorControllerIntegrationTest in 0.153 seconds (process running for 6.04)
2024-02-09T23:35:46.533-05:00  INFO 43483 --- [           main] j.LocalContainerEntityManagerFactoryBean : Closing JPA EntityManagerFactory for persistence unit 'default'
2024-02-09T23:35:46.534-05:00  INFO 43483 --- [           main] com.zaxxer.hikari.HikariDataSource       : HikariPool-15 - Shutdown initiated...
2024-02-09T23:35:46.534-05:00  INFO 43483 --- [           main] com.zaxxer.hikari.HikariDataSource       : HikariPool-15 - Shutdown completed.
]]></system-out>
  </testcase>
  <testcase name="testThatDeleteSuccessfullyReturnHttp204ForNonExistingAuthor" classname="com.stelnikov.postgresjpa.controller.AuthorControllerIntegrationTest" time="0.005">
    <system-out><![CDATA[
  .   ____          _            __ _ _
 /\\ / ___'_ __ _ _(_)_ __  __ _ \ \ \ \
( ( )\___ | '_ | '_| | '_ \/ _` | \ \ \ \
 \\/  ___)| |_)| | | | | || (_| |  ) ) ) )
  '  |____| .__|_| |_|_| |_\__, | / / / /
 =========|_|==============|___/=/_/_/_/
 :: Spring Boot ::                (v3.2.2)

2024-02-09T23:35:46.542-05:00  INFO 43483 --- [           main] c.s.p.c.AuthorControllerIntegrationTest  : Starting AuthorControllerIntegrationTest using Java 19.0.2 with PID 43483 (started by strelnikov in /Users/strelnikov/Documents/dev/my-java/Templates/postgres-jpa)
2024-02-09T23:35:46.542-05:00  INFO 43483 --- [           main] c.s.p.c.AuthorControllerIntegrationTest  : No active profile set, falling back to 1 default profile: "default"
2024-02-09T23:35:46.584-05:00  INFO 43483 --- [           main] .s.d.r.c.RepositoryConfigurationDelegate : Bootstrapping Spring Data JPA repositories in DEFAULT mode.
2024-02-09T23:35:46.588-05:00  INFO 43483 --- [           main] .s.d.r.c.RepositoryConfigurationDelegate : Finished Spring Data repository scanning in 3 ms. Found 2 JPA repository interfaces.
2024-02-09T23:35:46.608-05:00  INFO 43483 --- [           main] com.zaxxer.hikari.HikariDataSource       : HikariPool-16 - Starting...
2024-02-09T23:35:46.609-05:00  INFO 43483 --- [           main] com.zaxxer.hikari.pool.HikariPool        : HikariPool-16 - Added connection conn52: url=jdbc:h2:mem:testdb:MODE=PostgreSQL user=SA
2024-02-09T23:35:46.609-05:00  INFO 43483 --- [           main] com.zaxxer.hikari.HikariDataSource       : HikariPool-16 - Start completed.
2024-02-09T23:35:46.609-05:00  INFO 43483 --- [           main] o.hibernate.jpa.internal.util.LogHelper  : HHH000204: Processing PersistenceUnitInfo [name: default]
2024-02-09T23:35:46.610-05:00  INFO 43483 --- [           main] o.h.c.internal.RegionFactoryInitiator    : HHH000026: Second-level cache disabled
2024-02-09T23:35:46.611-05:00  INFO 43483 --- [           main] o.s.o.j.p.SpringPersistenceUnitInfo      : No LoadTimeWeaver setup: ignoring JPA class transformer
2024-02-09T23:35:46.628-05:00  INFO 43483 --- [           main] o.h.e.t.j.p.i.JtaPlatformInitiator       : HHH000489: No JTA platform available (set 'hibernate.transaction.jta.platform' to enable JTA platform integration)
2024-02-09T23:35:46.630-05:00  INFO 43483 --- [           main] j.LocalContainerEntityManagerFactoryBean : Initialized JPA EntityManagerFactory for persistence unit 'default'
2024-02-09T23:35:46.655-05:00  WARN 43483 --- [           main] JpaBaseConfiguration$JpaWebConfiguration : spring.jpa.open-in-view is enabled by default. Therefore, database queries may be performed during view rendering. Explicitly configure spring.jpa.open-in-view to disable this warning
2024-02-09T23:35:46.679-05:00  INFO 43483 --- [           main] o.s.b.t.m.w.SpringBootMockServletContext : Initializing Spring TestDispatcherServlet ''
2024-02-09T23:35:46.679-05:00  INFO 43483 --- [           main] o.s.t.web.servlet.TestDispatcherServlet  : Initializing Servlet ''
2024-02-09T23:35:46.680-05:00  INFO 43483 --- [           main] o.s.t.web.servlet.TestDispatcherServlet  : Completed initialization in 0 ms
2024-02-09T23:35:46.682-05:00  INFO 43483 --- [           main] c.s.p.c.AuthorControllerIntegrationTest  : Started AuthorControllerIntegrationTest in 0.147 seconds (process running for 6.195)
2024-02-09T23:35:46.688-05:00  INFO 43483 --- [           main] j.LocalContainerEntityManagerFactoryBean : Closing JPA EntityManagerFactory for persistence unit 'default'
2024-02-09T23:35:46.688-05:00  INFO 43483 --- [           main] com.zaxxer.hikari.HikariDataSource       : HikariPool-16 - Shutdown initiated...
2024-02-09T23:35:46.689-05:00  INFO 43483 --- [           main] com.zaxxer.hikari.HikariDataSource       : HikariPool-16 - Shutdown completed.
]]></system-out>
  </testcase>
  <testcase name="testThatGetByIdReturnsHttpStatus200WhenAuthorExist" classname="com.stelnikov.postgresjpa.controller.AuthorControllerIntegrationTest" time="0.008">
    <system-out><![CDATA[
  .   ____          _            __ _ _
 /\\ / ___'_ __ _ _(_)_ __  __ _ \ \ \ \
( ( )\___ | '_ | '_| | '_ \/ _` | \ \ \ \
 \\/  ___)| |_)| | | | | || (_| |  ) ) ) )
  '  |____| .__|_| |_|_| |_\__, | / / / /
 =========|_|==============|___/=/_/_/_/
 :: Spring Boot ::                (v3.2.2)

2024-02-09T23:35:46.696-05:00  INFO 43483 --- [           main] c.s.p.c.AuthorControllerIntegrationTest  : Starting AuthorControllerIntegrationTest using Java 19.0.2 with PID 43483 (started by strelnikov in /Users/strelnikov/Documents/dev/my-java/Templates/postgres-jpa)
2024-02-09T23:35:46.696-05:00  INFO 43483 --- [           main] c.s.p.c.AuthorControllerIntegrationTest  : No active profile set, falling back to 1 default profile: "default"
2024-02-09T23:35:46.739-05:00  INFO 43483 --- [           main] .s.d.r.c.RepositoryConfigurationDelegate : Bootstrapping Spring Data JPA repositories in DEFAULT mode.
2024-02-09T23:35:46.744-05:00  INFO 43483 --- [           main] .s.d.r.c.RepositoryConfigurationDelegate : Finished Spring Data repository scanning in 5 ms. Found 2 JPA repository interfaces.
2024-02-09T23:35:46.765-05:00  INFO 43483 --- [           main] com.zaxxer.hikari.HikariDataSource       : HikariPool-17 - Starting...
2024-02-09T23:35:46.765-05:00  INFO 43483 --- [           main] com.zaxxer.hikari.pool.HikariPool        : HikariPool-17 - Added connection conn53: url=jdbc:h2:mem:testdb:MODE=PostgreSQL user=SA
2024-02-09T23:35:46.765-05:00  INFO 43483 --- [           main] com.zaxxer.hikari.HikariDataSource       : HikariPool-17 - Start completed.
2024-02-09T23:35:46.765-05:00  INFO 43483 --- [           main] o.hibernate.jpa.internal.util.LogHelper  : HHH000204: Processing PersistenceUnitInfo [name: default]
2024-02-09T23:35:46.766-05:00  INFO 43483 --- [           main] o.h.c.internal.RegionFactoryInitiator    : HHH000026: Second-level cache disabled
2024-02-09T23:35:46.767-05:00  INFO 43483 --- [           main] o.s.o.j.p.SpringPersistenceUnitInfo      : No LoadTimeWeaver setup: ignoring JPA class transformer
2024-02-09T23:35:46.781-05:00  INFO 43483 --- [           main] o.h.e.t.j.p.i.JtaPlatformInitiator       : HHH000489: No JTA platform available (set 'hibernate.transaction.jta.platform' to enable JTA platform integration)
2024-02-09T23:35:46.783-05:00  INFO 43483 --- [           main] j.LocalContainerEntityManagerFactoryBean : Initialized JPA EntityManagerFactory for persistence unit 'default'
2024-02-09T23:35:46.803-05:00  WARN 43483 --- [           main] JpaBaseConfiguration$JpaWebConfiguration : spring.jpa.open-in-view is enabled by default. Therefore, database queries may be performed during view rendering. Explicitly configure spring.jpa.open-in-view to disable this warning
2024-02-09T23:35:46.827-05:00  INFO 43483 --- [           main] o.s.b.t.m.w.SpringBootMockServletContext : Initializing Spring TestDispatcherServlet ''
2024-02-09T23:35:46.827-05:00  INFO 43483 --- [           main] o.s.t.web.servlet.TestDispatcherServlet  : Initializing Servlet ''
2024-02-09T23:35:46.827-05:00  INFO 43483 --- [           main] o.s.t.web.servlet.TestDispatcherServlet  : Completed initialization in 0 ms
2024-02-09T23:35:46.830-05:00  INFO 43483 --- [           main] c.s.p.c.AuthorControllerIntegrationTest  : Started AuthorControllerIntegrationTest in 0.14 seconds (process running for 6.343)
2024-02-09T23:35:46.838-05:00  INFO 43483 --- [           main] j.LocalContainerEntityManagerFactoryBean : Closing JPA EntityManagerFactory for persistence unit 'default'
2024-02-09T23:35:46.839-05:00  INFO 43483 --- [           main] com.zaxxer.hikari.HikariDataSource       : HikariPool-17 - Shutdown initiated...
2024-02-09T23:35:46.839-05:00  INFO 43483 --- [           main] com.zaxxer.hikari.HikariDataSource       : HikariPool-17 - Shutdown completed.
]]></system-out>
  </testcase>
  <testcase name="testThatPartialUpdateExistingAuthorReturnsHttpStatus20Ok" classname="com.stelnikov.postgresjpa.controller.AuthorControllerIntegrationTest" time="0.011">
    <system-out><![CDATA[
  .   ____          _            __ _ _
 /\\ / ___'_ __ _ _(_)_ __  __ _ \ \ \ \
( ( )\___ | '_ | '_| | '_ \/ _` | \ \ \ \
 \\/  ___)| |_)| | | | | || (_| |  ) ) ) )
  '  |____| .__|_| |_|_| |_\__, | / / / /
 =========|_|==============|___/=/_/_/_/
 :: Spring Boot ::                (v3.2.2)

2024-02-09T23:35:46.847-05:00  INFO 43483 --- [           main] c.s.p.c.AuthorControllerIntegrationTest  : Starting AuthorControllerIntegrationTest using Java 19.0.2 with PID 43483 (started by strelnikov in /Users/strelnikov/Documents/dev/my-java/Templates/postgres-jpa)
2024-02-09T23:35:46.847-05:00  INFO 43483 --- [           main] c.s.p.c.AuthorControllerIntegrationTest  : No active profile set, falling back to 1 default profile: "default"
2024-02-09T23:35:46.889-05:00  INFO 43483 --- [           main] .s.d.r.c.RepositoryConfigurationDelegate : Bootstrapping Spring Data JPA repositories in DEFAULT mode.
2024-02-09T23:35:46.893-05:00  INFO 43483 --- [           main] .s.d.r.c.RepositoryConfigurationDelegate : Finished Spring Data repository scanning in 3 ms. Found 2 JPA repository interfaces.
2024-02-09T23:35:46.913-05:00  INFO 43483 --- [           main] com.zaxxer.hikari.HikariDataSource       : HikariPool-18 - Starting...
2024-02-09T23:35:46.914-05:00  INFO 43483 --- [           main] com.zaxxer.hikari.pool.HikariPool        : HikariPool-18 - Added connection conn54: url=jdbc:h2:mem:testdb:MODE=PostgreSQL user=SA
2024-02-09T23:35:46.914-05:00  INFO 43483 --- [           main] com.zaxxer.hikari.HikariDataSource       : HikariPool-18 - Start completed.
2024-02-09T23:35:46.914-05:00  INFO 43483 --- [           main] o.hibernate.jpa.internal.util.LogHelper  : HHH000204: Processing PersistenceUnitInfo [name: default]
2024-02-09T23:35:46.915-05:00  INFO 43483 --- [           main] o.h.c.internal.RegionFactoryInitiator    : HHH000026: Second-level cache disabled
2024-02-09T23:35:46.916-05:00  INFO 43483 --- [           main] o.s.o.j.p.SpringPersistenceUnitInfo      : No LoadTimeWeaver setup: ignoring JPA class transformer
2024-02-09T23:35:46.928-05:00  INFO 43483 --- [           main] o.h.e.t.j.p.i.JtaPlatformInitiator       : HHH000489: No JTA platform available (set 'hibernate.transaction.jta.platform' to enable JTA platform integration)
2024-02-09T23:35:46.930-05:00  INFO 43483 --- [           main] j.LocalContainerEntityManagerFactoryBean : Initialized JPA EntityManagerFactory for persistence unit 'default'
2024-02-09T23:35:46.955-05:00  WARN 43483 --- [           main] JpaBaseConfiguration$JpaWebConfiguration : spring.jpa.open-in-view is enabled by default. Therefore, database queries may be performed during view rendering. Explicitly configure spring.jpa.open-in-view to disable this warning
2024-02-09T23:35:46.980-05:00  INFO 43483 --- [           main] o.s.b.t.m.w.SpringBootMockServletContext : Initializing Spring TestDispatcherServlet ''
2024-02-09T23:35:46.980-05:00  INFO 43483 --- [           main] o.s.t.web.servlet.TestDispatcherServlet  : Initializing Servlet ''
2024-02-09T23:35:46.981-05:00  INFO 43483 --- [           main] o.s.t.web.servlet.TestDispatcherServlet  : Completed initialization in 1 ms
2024-02-09T23:35:46.983-05:00  INFO 43483 --- [           main] c.s.p.c.AuthorControllerIntegrationTest  : Started AuthorControllerIntegrationTest in 0.143 seconds (process running for 6.496)
2024-02-09T23:35:46.994-05:00  INFO 43483 --- [           main] j.LocalContainerEntityManagerFactoryBean : Closing JPA EntityManagerFactory for persistence unit 'default'
2024-02-09T23:35:46.995-05:00  INFO 43483 --- [           main] com.zaxxer.hikari.HikariDataSource       : HikariPool-18 - Shutdown initiated...
2024-02-09T23:35:46.995-05:00  INFO 43483 --- [           main] com.zaxxer.hikari.HikariDataSource       : HikariPool-18 - Shutdown completed.
]]></system-out>
  </testcase>
  <testcase name="testThatUpdateReturnsHttpStatus200WhenAuthorExists" classname="com.stelnikov.postgresjpa.controller.AuthorControllerIntegrationTest" time="0.013">
    <system-out><![CDATA[
  .   ____          _            __ _ _
 /\\ / ___'_ __ _ _(_)_ __  __ _ \ \ \ \
( ( )\___ | '_ | '_| | '_ \/ _` | \ \ \ \
 \\/  ___)| |_)| | | | | || (_| |  ) ) ) )
  '  |____| .__|_| |_|_| |_\__, | / / / /
 =========|_|==============|___/=/_/_/_/
 :: Spring Boot ::                (v3.2.2)

2024-02-09T23:35:47.002-05:00  INFO 43483 --- [           main] c.s.p.c.AuthorControllerIntegrationTest  : Starting AuthorControllerIntegrationTest using Java 19.0.2 with PID 43483 (started by strelnikov in /Users/strelnikov/Documents/dev/my-java/Templates/postgres-jpa)
2024-02-09T23:35:47.003-05:00  INFO 43483 --- [           main] c.s.p.c.AuthorControllerIntegrationTest  : No active profile set, falling back to 1 default profile: "default"
2024-02-09T23:35:47.042-05:00  INFO 43483 --- [           main] .s.d.r.c.RepositoryConfigurationDelegate : Bootstrapping Spring Data JPA repositories in DEFAULT mode.
2024-02-09T23:35:47.046-05:00  INFO 43483 --- [           main] .s.d.r.c.RepositoryConfigurationDelegate : Finished Spring Data repository scanning in 3 ms. Found 2 JPA repository interfaces.
2024-02-09T23:35:47.066-05:00  INFO 43483 --- [           main] com.zaxxer.hikari.HikariDataSource       : HikariPool-19 - Starting...
2024-02-09T23:35:47.066-05:00  INFO 43483 --- [           main] com.zaxxer.hikari.pool.HikariPool        : HikariPool-19 - Added connection conn55: url=jdbc:h2:mem:testdb:MODE=PostgreSQL user=SA
2024-02-09T23:35:47.066-05:00  INFO 43483 --- [           main] com.zaxxer.hikari.HikariDataSource       : HikariPool-19 - Start completed.
2024-02-09T23:35:47.067-05:00  INFO 43483 --- [           main] o.hibernate.jpa.internal.util.LogHelper  : HHH000204: Processing PersistenceUnitInfo [name: default]
2024-02-09T23:35:47.067-05:00  INFO 43483 --- [           main] o.h.c.internal.RegionFactoryInitiator    : HHH000026: Second-level cache disabled
2024-02-09T23:35:47.068-05:00  INFO 43483 --- [           main] o.s.o.j.p.SpringPersistenceUnitInfo      : No LoadTimeWeaver setup: ignoring JPA class transformer
2024-02-09T23:35:47.080-05:00  INFO 43483 --- [           main] o.h.e.t.j.p.i.JtaPlatformInitiator       : HHH000489: No JTA platform available (set 'hibernate.transaction.jta.platform' to enable JTA platform integration)
2024-02-09T23:35:47.081-05:00  INFO 43483 --- [           main] j.LocalContainerEntityManagerFactoryBean : Initialized JPA EntityManagerFactory for persistence unit 'default'
2024-02-09T23:35:47.102-05:00  WARN 43483 --- [           main] JpaBaseConfiguration$JpaWebConfiguration : spring.jpa.open-in-view is enabled by default. Therefore, database queries may be performed during view rendering. Explicitly configure spring.jpa.open-in-view to disable this warning
2024-02-09T23:35:47.127-05:00  INFO 43483 --- [           main] o.s.b.t.m.w.SpringBootMockServletContext : Initializing Spring TestDispatcherServlet ''
2024-02-09T23:35:47.127-05:00  INFO 43483 --- [           main] o.s.t.web.servlet.TestDispatcherServlet  : Initializing Servlet ''
2024-02-09T23:35:47.127-05:00  INFO 43483 --- [           main] o.s.t.web.servlet.TestDispatcherServlet  : Completed initialization in 0 ms
2024-02-09T23:35:47.130-05:00  INFO 43483 --- [           main] c.s.p.c.AuthorControllerIntegrationTest  : Started AuthorControllerIntegrationTest in 0.134 seconds (process running for 6.642)
2024-02-09T23:35:47.143-05:00  INFO 43483 --- [           main] j.LocalContainerEntityManagerFactoryBean : Closing JPA EntityManagerFactory for persistence unit 'default'
2024-02-09T23:35:47.143-05:00  INFO 43483 --- [           main] com.zaxxer.hikari.HikariDataSource       : HikariPool-19 - Shutdown initiated...
2024-02-09T23:35:47.144-05:00  INFO 43483 --- [           main] com.zaxxer.hikari.HikariDataSource       : HikariPool-19 - Shutdown completed.
]]></system-out>
  </testcase>
  <testcase name="testThatUpdateReturnsHttpStatus404WhenNoAuthorExists" classname="com.stelnikov.postgresjpa.controller.AuthorControllerIntegrationTest" time="0.011">
    <system-out><![CDATA[
  .   ____          _            __ _ _
 /\\ / ___'_ __ _ _(_)_ __  __ _ \ \ \ \
( ( )\___ | '_ | '_| | '_ \/ _` | \ \ \ \
 \\/  ___)| |_)| | | | | || (_| |  ) ) ) )
  '  |____| .__|_| |_|_| |_\__, | / / / /
 =========|_|==============|___/=/_/_/_/
 :: Spring Boot ::                (v3.2.2)

2024-02-09T23:35:47.151-05:00  INFO 43483 --- [           main] c.s.p.c.AuthorControllerIntegrationTest  : Starting AuthorControllerIntegrationTest using Java 19.0.2 with PID 43483 (started by strelnikov in /Users/strelnikov/Documents/dev/my-java/Templates/postgres-jpa)
2024-02-09T23:35:47.151-05:00  INFO 43483 --- [           main] c.s.p.c.AuthorControllerIntegrationTest  : No active profile set, falling back to 1 default profile: "default"
2024-02-09T23:35:47.198-05:00  INFO 43483 --- [           main] .s.d.r.c.RepositoryConfigurationDelegate : Bootstrapping Spring Data JPA repositories in DEFAULT mode.
2024-02-09T23:35:47.202-05:00  INFO 43483 --- [           main] .s.d.r.c.RepositoryConfigurationDelegate : Finished Spring Data repository scanning in 4 ms. Found 2 JPA repository interfaces.
2024-02-09T23:35:47.225-05:00  INFO 43483 --- [           main] com.zaxxer.hikari.HikariDataSource       : HikariPool-20 - Starting...
2024-02-09T23:35:47.225-05:00  INFO 43483 --- [           main] com.zaxxer.hikari.pool.HikariPool        : HikariPool-20 - Added connection conn56: url=jdbc:h2:mem:testdb:MODE=PostgreSQL user=SA
2024-02-09T23:35:47.225-05:00  INFO 43483 --- [           main] com.zaxxer.hikari.HikariDataSource       : HikariPool-20 - Start completed.
2024-02-09T23:35:47.226-05:00  INFO 43483 --- [           main] o.hibernate.jpa.internal.util.LogHelper  : HHH000204: Processing PersistenceUnitInfo [name: default]
2024-02-09T23:35:47.227-05:00  INFO 43483 --- [           main] o.h.c.internal.RegionFactoryInitiator    : HHH000026: Second-level cache disabled
2024-02-09T23:35:47.228-05:00  INFO 43483 --- [           main] o.s.o.j.p.SpringPersistenceUnitInfo      : No LoadTimeWeaver setup: ignoring JPA class transformer
2024-02-09T23:35:47.240-05:00  INFO 43483 --- [           main] o.h.e.t.j.p.i.JtaPlatformInitiator       : HHH000489: No JTA platform available (set 'hibernate.transaction.jta.platform' to enable JTA platform integration)
2024-02-09T23:35:47.242-05:00  INFO 43483 --- [           main] j.LocalContainerEntityManagerFactoryBean : Initialized JPA EntityManagerFactory for persistence unit 'default'
2024-02-09T23:35:47.262-05:00  WARN 43483 --- [           main] JpaBaseConfiguration$JpaWebConfiguration : spring.jpa.open-in-view is enabled by default. Therefore, database queries may be performed during view rendering. Explicitly configure spring.jpa.open-in-view to disable this warning
2024-02-09T23:35:47.287-05:00  INFO 43483 --- [           main] o.s.b.t.m.w.SpringBootMockServletContext : Initializing Spring TestDispatcherServlet ''
2024-02-09T23:35:47.287-05:00  INFO 43483 --- [           main] o.s.t.web.servlet.TestDispatcherServlet  : Initializing Servlet ''
2024-02-09T23:35:47.288-05:00  INFO 43483 --- [           main] o.s.t.web.servlet.TestDispatcherServlet  : Completed initialization in 1 ms
2024-02-09T23:35:47.290-05:00  INFO 43483 --- [           main] c.s.p.c.AuthorControllerIntegrationTest  : Started AuthorControllerIntegrationTest in 0.146 seconds (process running for 6.802)
2024-02-09T23:35:47.301-05:00  INFO 43483 --- [           main] j.LocalContainerEntityManagerFactoryBean : Closing JPA EntityManagerFactory for persistence unit 'default'
2024-02-09T23:35:47.301-05:00  INFO 43483 --- [           main] com.zaxxer.hikari.HikariDataSource       : HikariPool-20 - Shutdown initiated...
2024-02-09T23:35:47.301-05:00  INFO 43483 --- [           main] com.zaxxer.hikari.HikariDataSource       : HikariPool-20 - Shutdown completed.
]]></system-out>
  </testcase>
  <testcase name="testThatGetByIdReturnsAuthorWhenAuthorExist" classname="com.stelnikov.postgresjpa.controller.AuthorControllerIntegrationTest" time="0.013">
    <system-out><![CDATA[
  .   ____          _            __ _ _
 /\\ / ___'_ __ _ _(_)_ __  __ _ \ \ \ \
( ( )\___ | '_ | '_| | '_ \/ _` | \ \ \ \
 \\/  ___)| |_)| | | | | || (_| |  ) ) ) )
  '  |____| .__|_| |_|_| |_\__, | / / / /
 =========|_|==============|___/=/_/_/_/
 :: Spring Boot ::                (v3.2.2)

2024-02-09T23:35:47.308-05:00  INFO 43483 --- [           main] c.s.p.c.AuthorControllerIntegrationTest  : Starting AuthorControllerIntegrationTest using Java 19.0.2 with PID 43483 (started by strelnikov in /Users/strelnikov/Documents/dev/my-java/Templates/postgres-jpa)
2024-02-09T23:35:47.309-05:00  INFO 43483 --- [           main] c.s.p.c.AuthorControllerIntegrationTest  : No active profile set, falling back to 1 default profile: "default"
2024-02-09T23:35:47.350-05:00  INFO 43483 --- [           main] .s.d.r.c.RepositoryConfigurationDelegate : Bootstrapping Spring Data JPA repositories in DEFAULT mode.
2024-02-09T23:35:47.353-05:00  INFO 43483 --- [           main] .s.d.r.c.RepositoryConfigurationDelegate : Finished Spring Data repository scanning in 3 ms. Found 2 JPA repository interfaces.
2024-02-09T23:35:47.373-05:00  INFO 43483 --- [           main] com.zaxxer.hikari.HikariDataSource       : HikariPool-21 - Starting...
2024-02-09T23:35:47.373-05:00  INFO 43483 --- [           main] com.zaxxer.hikari.pool.HikariPool        : HikariPool-21 - Added connection conn57: url=jdbc:h2:mem:testdb:MODE=PostgreSQL user=SA
2024-02-09T23:35:47.374-05:00  INFO 43483 --- [           main] com.zaxxer.hikari.HikariDataSource       : HikariPool-21 - Start completed.
2024-02-09T23:35:47.374-05:00  INFO 43483 --- [           main] o.hibernate.jpa.internal.util.LogHelper  : HHH000204: Processing PersistenceUnitInfo [name: default]
2024-02-09T23:35:47.375-05:00  INFO 43483 --- [           main] o.h.c.internal.RegionFactoryInitiator    : HHH000026: Second-level cache disabled
2024-02-09T23:35:47.376-05:00  INFO 43483 --- [           main] o.s.o.j.p.SpringPersistenceUnitInfo      : No LoadTimeWeaver setup: ignoring JPA class transformer
2024-02-09T23:35:47.388-05:00  INFO 43483 --- [           main] o.h.e.t.j.p.i.JtaPlatformInitiator       : HHH000489: No JTA platform available (set 'hibernate.transaction.jta.platform' to enable JTA platform integration)
2024-02-09T23:35:47.389-05:00  INFO 43483 --- [           main] j.LocalContainerEntityManagerFactoryBean : Initialized JPA EntityManagerFactory for persistence unit 'default'
2024-02-09T23:35:47.416-05:00  WARN 43483 --- [           main] JpaBaseConfiguration$JpaWebConfiguration : spring.jpa.open-in-view is enabled by default. Therefore, database queries may be performed during view rendering. Explicitly configure spring.jpa.open-in-view to disable this warning
2024-02-09T23:35:47.441-05:00  INFO 43483 --- [           main] o.s.b.t.m.w.SpringBootMockServletContext : Initializing Spring TestDispatcherServlet ''
2024-02-09T23:35:47.441-05:00  INFO 43483 --- [           main] o.s.t.web.servlet.TestDispatcherServlet  : Initializing Servlet ''
2024-02-09T23:35:47.441-05:00  INFO 43483 --- [           main] o.s.t.web.servlet.TestDispatcherServlet  : Completed initialization in 0 ms
2024-02-09T23:35:47.444-05:00  INFO 43483 --- [           main] c.s.p.c.AuthorControllerIntegrationTest  : Started AuthorControllerIntegrationTest in 0.142 seconds (process running for 6.957)
2024-02-09T23:35:47.457-05:00  INFO 43483 --- [           main] j.LocalContainerEntityManagerFactoryBean : Closing JPA EntityManagerFactory for persistence unit 'default'
2024-02-09T23:35:47.458-05:00  INFO 43483 --- [           main] com.zaxxer.hikari.HikariDataSource       : HikariPool-21 - Shutdown initiated...
2024-02-09T23:35:47.458-05:00  INFO 43483 --- [           main] com.zaxxer.hikari.HikariDataSource       : HikariPool-21 - Shutdown completed.
]]></system-out>
  </testcase>
  <testcase name="testThatCreateAuthorSuccessfullyReturnsSavedAuthor" classname="com.stelnikov.postgresjpa.controller.AuthorControllerIntegrationTest" time="0.007">
    <system-out><![CDATA[
  .   ____          _            __ _ _
 /\\ / ___'_ __ _ _(_)_ __  __ _ \ \ \ \
( ( )\___ | '_ | '_| | '_ \/ _` | \ \ \ \
 \\/  ___)| |_)| | | | | || (_| |  ) ) ) )
  '  |____| .__|_| |_|_| |_\__, | / / / /
 =========|_|==============|___/=/_/_/_/
 :: Spring Boot ::                (v3.2.2)

2024-02-09T23:35:47.466-05:00  INFO 43483 --- [           main] c.s.p.c.AuthorControllerIntegrationTest  : Starting AuthorControllerIntegrationTest using Java 19.0.2 with PID 43483 (started by strelnikov in /Users/strelnikov/Documents/dev/my-java/Templates/postgres-jpa)
2024-02-09T23:35:47.466-05:00  INFO 43483 --- [           main] c.s.p.c.AuthorControllerIntegrationTest  : No active profile set, falling back to 1 default profile: "default"
2024-02-09T23:35:47.512-05:00  INFO 43483 --- [           main] .s.d.r.c.RepositoryConfigurationDelegate : Bootstrapping Spring Data JPA repositories in DEFAULT mode.
2024-02-09T23:35:47.516-05:00  INFO 43483 --- [           main] .s.d.r.c.RepositoryConfigurationDelegate : Finished Spring Data repository scanning in 3 ms. Found 2 JPA repository interfaces.
2024-02-09T23:35:47.536-05:00  INFO 43483 --- [           main] com.zaxxer.hikari.HikariDataSource       : HikariPool-22 - Starting...
2024-02-09T23:35:47.537-05:00  INFO 43483 --- [           main] com.zaxxer.hikari.pool.HikariPool        : HikariPool-22 - Added connection conn58: url=jdbc:h2:mem:testdb:MODE=PostgreSQL user=SA
2024-02-09T23:35:47.537-05:00  INFO 43483 --- [           main] com.zaxxer.hikari.HikariDataSource       : HikariPool-22 - Start completed.
2024-02-09T23:35:47.537-05:00  INFO 43483 --- [           main] o.hibernate.jpa.internal.util.LogHelper  : HHH000204: Processing PersistenceUnitInfo [name: default]
2024-02-09T23:35:47.538-05:00  INFO 43483 --- [           main] o.h.c.internal.RegionFactoryInitiator    : HHH000026: Second-level cache disabled
2024-02-09T23:35:47.539-05:00  INFO 43483 --- [           main] o.s.o.j.p.SpringPersistenceUnitInfo      : No LoadTimeWeaver setup: ignoring JPA class transformer
2024-02-09T23:35:47.551-05:00  INFO 43483 --- [           main] o.h.e.t.j.p.i.JtaPlatformInitiator       : HHH000489: No JTA platform available (set 'hibernate.transaction.jta.platform' to enable JTA platform integration)
2024-02-09T23:35:47.553-05:00  INFO 43483 --- [           main] j.LocalContainerEntityManagerFactoryBean : Initialized JPA EntityManagerFactory for persistence unit 'default'
2024-02-09T23:35:47.573-05:00  WARN 43483 --- [           main] JpaBaseConfiguration$JpaWebConfiguration : spring.jpa.open-in-view is enabled by default. Therefore, database queries may be performed during view rendering. Explicitly configure spring.jpa.open-in-view to disable this warning
2024-02-09T23:35:47.604-05:00  INFO 43483 --- [           main] o.s.b.t.m.w.SpringBootMockServletContext : Initializing Spring TestDispatcherServlet ''
2024-02-09T23:35:47.604-05:00  INFO 43483 --- [           main] o.s.t.web.servlet.TestDispatcherServlet  : Initializing Servlet ''
2024-02-09T23:35:47.604-05:00  INFO 43483 --- [           main] o.s.t.web.servlet.TestDispatcherServlet  : Completed initialization in 0 ms
2024-02-09T23:35:47.607-05:00  INFO 43483 --- [           main] c.s.p.c.AuthorControllerIntegrationTest  : Started AuthorControllerIntegrationTest in 0.147 seconds (process running for 7.119)
2024-02-09T23:35:47.614-05:00  INFO 43483 --- [           main] j.LocalContainerEntityManagerFactoryBean : Closing JPA EntityManagerFactory for persistence unit 'default'
2024-02-09T23:35:47.614-05:00  INFO 43483 --- [           main] com.zaxxer.hikari.HikariDataSource       : HikariPool-22 - Shutdown initiated...
2024-02-09T23:35:47.615-05:00  INFO 43483 --- [           main] com.zaxxer.hikari.HikariDataSource       : HikariPool-22 - Shutdown completed.
]]></system-out>
  </testcase>
</testsuite>