<?xml version="1.0" encoding="UTF-8"?>
<testsuite xmlns:xsi="http://www.w3.org/2001/XMLSchema-instance" xsi:noNamespaceSchemaLocation="https://maven.apache.org/surefire/maven-surefire-plugin/xsd/surefire-test-report-3.0.xsd" version="3.0" name="com.stelnikov.postgresjpa.repository.AuthorDaoImplIntegrationTest" time="3.459" tests="4" errors="0" skipped="0" failures="0">
  <properties>
    <property name="java.specification.version" value="19"/>
    <property name="sun.jnu.encoding" value="UTF-8"/>
    <property name="java.class.path" value="/Users/strelnikov/Documents/dev/my-java/Templates/postgres-jpa/target/test-classes:/Users/strelnikov/Documents/dev/my-java/Templates/postgres-jpa/target/classes:/Users/strelnikov/.m2/repository/org/springframework/boot/spring-boot-starter-data-jpa/3.2.2/spring-boot-starter-data-jpa-3.2.2.jar:/Users/strelnikov/.m2/repository/org/springframework/boot/spring-boot-starter-aop/3.2.2/spring-boot-starter-aop-3.2.2.jar:/Users/strelnikov/.m2/repository/org/springframework/spring-aop/6.1.3/spring-aop-6.1.3.jar:/Users/strelnikov/.m2/repository/org/aspectj/aspectjweaver/1.9.21/aspectjweaver-1.9.21.jar:/Users/strelnikov/.m2/repository/org/springframework/boot/spring-boot-starter-jdbc/3.2.2/spring-boot-starter-jdbc-3.2.2.jar:/Users/strelnikov/.m2/repository/com/zaxxer/HikariCP/5.0.1/HikariCP-5.0.1.jar:/Users/strelnikov/.m2/repository/org/springframework/spring-jdbc/6.1.3/spring-jdbc-6.1.3.jar:/Users/strelnikov/.m2/repository/org/hibernate/orm/hibernate-core/6.4.1.Final/hibernate-core-6.4.1.Final.jar:/Users/strelnikov/.m2/repository/jakarta/persistence/jakarta.persistence-api/3.1.0/jakarta.persistence-api-3.1.0.jar:/Users/strelnikov/.m2/repository/jakarta/transaction/jakarta.transaction-api/2.0.1/jakarta.transaction-api-2.0.1.jar:/Users/strelnikov/.m2/repository/org/jboss/logging/jboss-logging/3.5.3.Final/jboss-logging-3.5.3.Final.jar:/Users/strelnikov/.m2/repository/org/hibernate/common/hibernate-commons-annotations/6.0.6.Final/hibernate-commons-annotations-6.0.6.Final.jar:/Users/strelnikov/.m2/repository/io/smallrye/jandex/3.1.2/jandex-3.1.2.jar:/Users/strelnikov/.m2/repository/com/fasterxml/classmate/1.6.0/classmate-1.6.0.jar:/Users/strelnikov/.m2/repository/net/bytebuddy/byte-buddy/1.14.11/byte-buddy-1.14.11.jar:/Users/strelnikov/.m2/repository/org/glassfish/jaxb/jaxb-runtime/4.0.4/jaxb-runtime-4.0.4.jar:/Users/strelnikov/.m2/repository/org/glassfish/jaxb/jaxb-core/4.0.4/jaxb-core-4.0.4.jar:/Users/strelnikov/.m2/repository/org/eclipse/angus/angus-activation/2.0.1/angus-activation-2.0.1.jar:/Users/strelnikov/.m2/repository/org/glassfish/jaxb/txw2/4.0.4/txw2-4.0.4.jar:/Users/strelnikov/.m2/repository/com/sun/istack/istack-commons-runtime/4.1.2/istack-commons-runtime-4.1.2.jar:/Users/strelnikov/.m2/repository/jakarta/inject/jakarta.inject-api/2.0.1/jakarta.inject-api-2.0.1.jar:/Users/strelnikov/.m2/repository/org/antlr/antlr4-runtime/4.13.0/antlr4-runtime-4.13.0.jar:/Users/strelnikov/.m2/repository/org/springframework/data/spring-data-jpa/3.2.2/spring-data-jpa-3.2.2.jar:/Users/strelnikov/.m2/repository/org/springframework/data/spring-data-commons/3.2.2/spring-data-commons-3.2.2.jar:/Users/strelnikov/.m2/repository/org/springframework/spring-orm/6.1.3/spring-orm-6.1.3.jar:/Users/strelnikov/.m2/repository/org/springframework/spring-context/6.1.3/spring-context-6.1.3.jar:/Users/strelnikov/.m2/repository/org/springframework/spring-tx/6.1.3/spring-tx-6.1.3.jar:/Users/strelnikov/.m2/repository/org/springframework/spring-beans/6.1.3/spring-beans-6.1.3.jar:/Users/strelnikov/.m2/repository/jakarta/annotation/jakarta.annotation-api/2.1.1/jakarta.annotation-api-2.1.1.jar:/Users/strelnikov/.m2/repository/org/slf4j/slf4j-api/2.0.11/slf4j-api-2.0.11.jar:/Users/strelnikov/.m2/repository/org/springframework/spring-aspects/6.1.3/spring-aspects-6.1.3.jar:/Users/strelnikov/.m2/repository/org/springframework/boot/spring-boot-starter-web/3.2.2/spring-boot-starter-web-3.2.2.jar:/Users/strelnikov/.m2/repository/org/springframework/boot/spring-boot-starter/3.2.2/spring-boot-starter-3.2.2.jar:/Users/strelnikov/.m2/repository/org/springframework/boot/spring-boot/3.2.2/spring-boot-3.2.2.jar:/Users/strelnikov/.m2/repository/org/springframework/boot/spring-boot-autoconfigure/3.2.2/spring-boot-autoconfigure-3.2.2.jar:/Users/strelnikov/.m2/repository/org/springframework/boot/spring-boot-starter-logging/3.2.2/spring-boot-starter-logging-3.2.2.jar:/Users/strelnikov/.m2/repository/ch/qos/logback/logback-classic/1.4.14/logback-classic-1.4.14.jar:/Users/strelnikov/.m2/repository/ch/qos/logback/logback-core/1.4.14/logback-core-1.4.14.jar:/Users/strelnikov/.m2/repository/org/apache/logging/log4j/log4j-to-slf4j/2.21.1/log4j-to-slf4j-2.21.1.jar:/Users/strelnikov/.m2/repository/org/apache/logging/log4j/log4j-api/2.21.1/log4j-api-2.21.1.jar:/Users/strelnikov/.m2/repository/org/slf4j/jul-to-slf4j/2.0.11/jul-to-slf4j-2.0.11.jar:/Users/strelnikov/.m2/repository/org/yaml/snakeyaml/2.2/snakeyaml-2.2.jar:/Users/strelnikov/.m2/repository/org/springframework/boot/spring-boot-starter-json/3.2.2/spring-boot-starter-json-3.2.2.jar:/Users/strelnikov/.m2/repository/com/fasterxml/jackson/core/jackson-databind/2.15.3/jackson-databind-2.15.3.jar:/Users/strelnikov/.m2/repository/com/fasterxml/jackson/core/jackson-annotations/2.15.3/jackson-annotations-2.15.3.jar:/Users/strelnikov/.m2/repository/com/fasterxml/jackson/core/jackson-core/2.15.3/jackson-core-2.15.3.jar:/Users/strelnikov/.m2/repository/com/fasterxml/jackson/datatype/jackson-datatype-jdk8/2.15.3/jackson-datatype-jdk8-2.15.3.jar:/Users/strelnikov/.m2/repository/com/fasterxml/jackson/datatype/jackson-datatype-jsr310/2.15.3/jackson-datatype-jsr310-2.15.3.jar:/Users/strelnikov/.m2/repository/com/fasterxml/jackson/module/jackson-module-parameter-names/2.15.3/jackson-module-parameter-names-2.15.3.jar:/Users/strelnikov/.m2/repository/org/springframework/boot/spring-boot-starter-tomcat/3.2.2/spring-boot-starter-tomcat-3.2.2.jar:/Users/strelnikov/.m2/repository/org/apache/tomcat/embed/tomcat-embed-core/10.1.18/tomcat-embed-core-10.1.18.jar:/Users/strelnikov/.m2/repository/org/apache/tomcat/embed/tomcat-embed-el/10.1.18/tomcat-embed-el-10.1.18.jar:/Users/strelnikov/.m2/repository/org/apache/tomcat/embed/tomcat-embed-websocket/10.1.18/tomcat-embed-websocket-10.1.18.jar:/Users/strelnikov/.m2/repository/org/springframework/spring-web/6.1.3/spring-web-6.1.3.jar:/Users/strelnikov/.m2/repository/io/micrometer/micrometer-observation/1.12.2/micrometer-observation-1.12.2.jar:/Users/strelnikov/.m2/repository/io/micrometer/micrometer-commons/1.12.2/micrometer-commons-1.12.2.jar:/Users/strelnikov/.m2/repository/org/springframework/spring-webmvc/6.1.3/spring-webmvc-6.1.3.jar:/Users/strelnikov/.m2/repository/org/springframework/spring-expression/6.1.3/spring-expression-6.1.3.jar:/Users/strelnikov/.m2/repository/org/postgresql/postgresql/42.6.0/postgresql-42.6.0.jar:/Users/strelnikov/.m2/repository/org/checkerframework/checker-qual/3.31.0/checker-qual-3.31.0.jar:/Users/strelnikov/.m2/repository/org/mapstruct/mapstruct/1.5.5.Final/mapstruct-1.5.5.Final.jar:/Users/strelnikov/.m2/repository/org/springframework/boot/spring-boot-starter-test/3.2.2/spring-boot-starter-test-3.2.2.jar:/Users/strelnikov/.m2/repository/org/springframework/boot/spring-boot-test/3.2.2/spring-boot-test-3.2.2.jar:/Users/strelnikov/.m2/repository/org/springframework/boot/spring-boot-test-autoconfigure/3.2.2/spring-boot-test-autoconfigure-3.2.2.jar:/Users/strelnikov/.m2/repository/com/jayway/jsonpath/json-path/2.8.0/json-path-2.8.0.jar:/Users/strelnikov/.m2/repository/jakarta/xml/bind/jakarta.xml.bind-api/4.0.1/jakarta.xml.bind-api-4.0.1.jar:/Users/strelnikov/.m2/repository/jakarta/activation/jakarta.activation-api/2.1.2/jakarta.activation-api-2.1.2.jar:/Users/strelnikov/.m2/repository/net/minidev/json-smart/2.5.0/json-smart-2.5.0.jar:/Users/strelnikov/.m2/repository/net/minidev/accessors-smart/2.5.0/accessors-smart-2.5.0.jar:/Users/strelnikov/.m2/repository/org/ow2/asm/asm/9.3/asm-9.3.jar:/Users/strelnikov/.m2/repository/org/assertj/assertj-core/3.24.2/assertj-core-3.24.2.jar:/Users/strelnikov/.m2/repository/org/awaitility/awaitility/4.2.0/awaitility-4.2.0.jar:/Users/strelnikov/.m2/repository/org/hamcrest/hamcrest/2.2/hamcrest-2.2.jar:/Users/strelnikov/.m2/repository/org/junit/jupiter/junit-jupiter/5.10.1/junit-jupiter-5.10.1.jar:/Users/strelnikov/.m2/repository/org/junit/jupiter/junit-jupiter-api/5.10.1/junit-jupiter-api-5.10.1.jar:/Users/strelnikov/.m2/repository/org/opentest4j/opentest4j/1.3.0/opentest4j-1.3.0.jar:/Users/strelnikov/.m2/repository/org/junit/platform/junit-platform-commons/1.10.1/junit-platform-commons-1.10.1.jar:/Users/strelnikov/.m2/repository/org/apiguardian/apiguardian-api/1.1.2/apiguardian-api-1.1.2.jar:/Users/strelnikov/.m2/repository/org/junit/jupiter/junit-jupiter-params/5.10.1/junit-jupiter-params-5.10.1.jar:/Users/strelnikov/.m2/repository/org/junit/jupiter/junit-jupiter-engine/5.10.1/junit-jupiter-engine-5.10.1.jar:/Users/strelnikov/.m2/repository/org/junit/platform/junit-platform-engine/1.10.1/junit-platform-engine-1.10.1.jar:/Users/strelnikov/.m2/repository/org/mockito/mockito-core/5.7.0/mockito-core-5.7.0.jar:/Users/strelnikov/.m2/repository/net/bytebuddy/byte-buddy-agent/1.14.11/byte-buddy-agent-1.14.11.jar:/Users/strelnikov/.m2/repository/org/objenesis/objenesis/3.3/objenesis-3.3.jar:/Users/strelnikov/.m2/repository/org/mockito/mockito-junit-jupiter/5.7.0/mockito-junit-jupiter-5.7.0.jar:/Users/strelnikov/.m2/repository/org/skyscreamer/jsonassert/1.5.1/jsonassert-1.5.1.jar:/Users/strelnikov/.m2/repository/com/vaadin/external/google/android-json/0.0.20131108.vaadin1/android-json-0.0.20131108.vaadin1.jar:/Users/strelnikov/.m2/repository/org/springframework/spring-core/6.1.3/spring-core-6.1.3.jar:/Users/strelnikov/.m2/repository/org/springframework/spring-jcl/6.1.3/spring-jcl-6.1.3.jar:/Users/strelnikov/.m2/repository/org/springframework/spring-test/6.1.3/spring-test-6.1.3.jar:/Users/strelnikov/.m2/repository/org/xmlunit/xmlunit-core/2.9.1/xmlunit-core-2.9.1.jar:/Users/strelnikov/.m2/repository/com/h2database/h2/2.2.224/h2-2.2.224.jar:"/>
    <property name="java.vm.vendor" value="Homebrew"/>
    <property name="sun.arch.data.model" value="64"/>
    <property name="java.vendor.url" value="https://github.com/Homebrew/homebrew-core/issues"/>
    <property name="user.timezone" value="America/Montreal"/>
    <property name="org.jboss.logging.provider" value="slf4j"/>
    <property name="os.name" value="Mac OS X"/>
    <property name="java.vm.specification.version" value="19"/>
    <property name="sun.java.launcher" value="SUN_STANDARD"/>
    <property name="user.country" value="TR"/>
    <property name="sun.boot.library.path" value="/opt/homebrew/Cellar/openjdk/19.0.2/libexec/openjdk.jdk/Contents/Home/lib"/>
    <property name="sun.java.command" value="/Users/strelnikov/Documents/dev/my-java/Templates/postgres-jpa/target/surefire/surefirebooter-20240209233540436_3.jar /Users/strelnikov/Documents/dev/my-java/Templates/postgres-jpa/target/surefire 2024-02-09T23-35-40_363-jvmRun1 surefire-20240209233540436_1tmp surefire_0-20240209233540436_2tmp"/>
    <property name="http.nonProxyHosts" value="local|*.local|169.254/16|*.169.254/16"/>
    <property name="jdk.debug" value="release"/>
    <property name="surefire.test.class.path" value="/Users/strelnikov/Documents/dev/my-java/Templates/postgres-jpa/target/test-classes:/Users/strelnikov/Documents/dev/my-java/Templates/postgres-jpa/target/classes:/Users/strelnikov/.m2/repository/org/springframework/boot/spring-boot-starter-data-jpa/3.2.2/spring-boot-starter-data-jpa-3.2.2.jar:/Users/strelnikov/.m2/repository/org/springframework/boot/spring-boot-starter-aop/3.2.2/spring-boot-starter-aop-3.2.2.jar:/Users/strelnikov/.m2/repository/org/springframework/spring-aop/6.1.3/spring-aop-6.1.3.jar:/Users/strelnikov/.m2/repository/org/aspectj/aspectjweaver/1.9.21/aspectjweaver-1.9.21.jar:/Users/strelnikov/.m2/repository/org/springframework/boot/spring-boot-starter-jdbc/3.2.2/spring-boot-starter-jdbc-3.2.2.jar:/Users/strelnikov/.m2/repository/com/zaxxer/HikariCP/5.0.1/HikariCP-5.0.1.jar:/Users/strelnikov/.m2/repository/org/springframework/spring-jdbc/6.1.3/spring-jdbc-6.1.3.jar:/Users/strelnikov/.m2/repository/org/hibernate/orm/hibernate-core/6.4.1.Final/hibernate-core-6.4.1.Final.jar:/Users/strelnikov/.m2/repository/jakarta/persistence/jakarta.persistence-api/3.1.0/jakarta.persistence-api-3.1.0.jar:/Users/strelnikov/.m2/repository/jakarta/transaction/jakarta.transaction-api/2.0.1/jakarta.transaction-api-2.0.1.jar:/Users/strelnikov/.m2/repository/org/jboss/logging/jboss-logging/3.5.3.Final/jboss-logging-3.5.3.Final.jar:/Users/strelnikov/.m2/repository/org/hibernate/common/hibernate-commons-annotations/6.0.6.Final/hibernate-commons-annotations-6.0.6.Final.jar:/Users/strelnikov/.m2/repository/io/smallrye/jandex/3.1.2/jandex-3.1.2.jar:/Users/strelnikov/.m2/repository/com/fasterxml/classmate/1.6.0/classmate-1.6.0.jar:/Users/strelnikov/.m2/repository/net/bytebuddy/byte-buddy/1.14.11/byte-buddy-1.14.11.jar:/Users/strelnikov/.m2/repository/org/glassfish/jaxb/jaxb-runtime/4.0.4/jaxb-runtime-4.0.4.jar:/Users/strelnikov/.m2/repository/org/glassfish/jaxb/jaxb-core/4.0.4/jaxb-core-4.0.4.jar:/Users/strelnikov/.m2/repository/org/eclipse/angus/angus-activation/2.0.1/angus-activation-2.0.1.jar:/Users/strelnikov/.m2/repository/org/glassfish/jaxb/txw2/4.0.4/txw2-4.0.4.jar:/Users/strelnikov/.m2/repository/com/sun/istack/istack-commons-runtime/4.1.2/istack-commons-runtime-4.1.2.jar:/Users/strelnikov/.m2/repository/jakarta/inject/jakarta.inject-api/2.0.1/jakarta.inject-api-2.0.1.jar:/Users/strelnikov/.m2/repository/org/antlr/antlr4-runtime/4.13.0/antlr4-runtime-4.13.0.jar:/Users/strelnikov/.m2/repository/org/springframework/data/spring-data-jpa/3.2.2/spring-data-jpa-3.2.2.jar:/Users/strelnikov/.m2/repository/org/springframework/data/spring-data-commons/3.2.2/spring-data-commons-3.2.2.jar:/Users/strelnikov/.m2/repository/org/springframework/spring-orm/6.1.3/spring-orm-6.1.3.jar:/Users/strelnikov/.m2/repository/org/springframework/spring-context/6.1.3/spring-context-6.1.3.jar:/Users/strelnikov/.m2/repository/org/springframework/spring-tx/6.1.3/spring-tx-6.1.3.jar:/Users/strelnikov/.m2/repository/org/springframework/spring-beans/6.1.3/spring-beans-6.1.3.jar:/Users/strelnikov/.m2/repository/jakarta/annotation/jakarta.annotation-api/2.1.1/jakarta.annotation-api-2.1.1.jar:/Users/strelnikov/.m2/repository/org/slf4j/slf4j-api/2.0.11/slf4j-api-2.0.11.jar:/Users/strelnikov/.m2/repository/org/springframework/spring-aspects/6.1.3/spring-aspects-6.1.3.jar:/Users/strelnikov/.m2/repository/org/springframework/boot/spring-boot-starter-web/3.2.2/spring-boot-starter-web-3.2.2.jar:/Users/strelnikov/.m2/repository/org/springframework/boot/spring-boot-starter/3.2.2/spring-boot-starter-3.2.2.jar:/Users/strelnikov/.m2/repository/org/springframework/boot/spring-boot/3.2.2/spring-boot-3.2.2.jar:/Users/strelnikov/.m2/repository/org/springframework/boot/spring-boot-autoconfigure/3.2.2/spring-boot-autoconfigure-3.2.2.jar:/Users/strelnikov/.m2/repository/org/springframework/boot/spring-boot-starter-logging/3.2.2/spring-boot-starter-logging-3.2.2.jar:/Users/strelnikov/.m2/repository/ch/qos/logback/logback-classic/1.4.14/logback-classic-1.4.14.jar:/Users/strelnikov/.m2/repository/ch/qos/logback/logback-core/1.4.14/logback-core-1.4.14.jar:/Users/strelnikov/.m2/repository/org/apache/logging/log4j/log4j-to-slf4j/2.21.1/log4j-to-slf4j-2.21.1.jar:/Users/strelnikov/.m2/repository/org/apache/logging/log4j/log4j-api/2.21.1/log4j-api-2.21.1.jar:/Users/strelnikov/.m2/repository/org/slf4j/jul-to-slf4j/2.0.11/jul-to-slf4j-2.0.11.jar:/Users/strelnikov/.m2/repository/org/yaml/snakeyaml/2.2/snakeyaml-2.2.jar:/Users/strelnikov/.m2/repository/org/springframework/boot/spring-boot-starter-json/3.2.2/spring-boot-starter-json-3.2.2.jar:/Users/strelnikov/.m2/repository/com/fasterxml/jackson/core/jackson-databind/2.15.3/jackson-databind-2.15.3.jar:/Users/strelnikov/.m2/repository/com/fasterxml/jackson/core/jackson-annotations/2.15.3/jackson-annotations-2.15.3.jar:/Users/strelnikov/.m2/repository/com/fasterxml/jackson/core/jackson-core/2.15.3/jackson-core-2.15.3.jar:/Users/strelnikov/.m2/repository/com/fasterxml/jackson/datatype/jackson-datatype-jdk8/2.15.3/jackson-datatype-jdk8-2.15.3.jar:/Users/strelnikov/.m2/repository/com/fasterxml/jackson/datatype/jackson-datatype-jsr310/2.15.3/jackson-datatype-jsr310-2.15.3.jar:/Users/strelnikov/.m2/repository/com/fasterxml/jackson/module/jackson-module-parameter-names/2.15.3/jackson-module-parameter-names-2.15.3.jar:/Users/strelnikov/.m2/repository/org/springframework/boot/spring-boot-starter-tomcat/3.2.2/spring-boot-starter-tomcat-3.2.2.jar:/Users/strelnikov/.m2/repository/org/apache/tomcat/embed/tomcat-embed-core/10.1.18/tomcat-embed-core-10.1.18.jar:/Users/strelnikov/.m2/repository/org/apache/tomcat/embed/tomcat-embed-el/10.1.18/tomcat-embed-el-10.1.18.jar:/Users/strelnikov/.m2/repository/org/apache/tomcat/embed/tomcat-embed-websocket/10.1.18/tomcat-embed-websocket-10.1.18.jar:/Users/strelnikov/.m2/repository/org/springframework/spring-web/6.1.3/spring-web-6.1.3.jar:/Users/strelnikov/.m2/repository/io/micrometer/micrometer-observation/1.12.2/micrometer-observation-1.12.2.jar:/Users/strelnikov/.m2/repository/io/micrometer/micrometer-commons/1.12.2/micrometer-commons-1.12.2.jar:/Users/strelnikov/.m2/repository/org/springframework/spring-webmvc/6.1.3/spring-webmvc-6.1.3.jar:/Users/strelnikov/.m2/repository/org/springframework/spring-expression/6.1.3/spring-expression-6.1.3.jar:/Users/strelnikov/.m2/repository/org/postgresql/postgresql/42.6.0/postgresql-42.6.0.jar:/Users/strelnikov/.m2/repository/org/checkerframework/checker-qual/3.31.0/checker-qual-3.31.0.jar:/Users/strelnikov/.m2/repository/org/mapstruct/mapstruct/1.5.5.Final/mapstruct-1.5.5.Final.jar:/Users/strelnikov/.m2/repository/org/springframework/boot/spring-boot-starter-test/3.2.2/spring-boot-starter-test-3.2.2.jar:/Users/strelnikov/.m2/repository/org/springframework/boot/spring-boot-test/3.2.2/spring-boot-test-3.2.2.jar:/Users/strelnikov/.m2/repository/org/springframework/boot/spring-boot-test-autoconfigure/3.2.2/spring-boot-test-autoconfigure-3.2.2.jar:/Users/strelnikov/.m2/repository/com/jayway/jsonpath/json-path/2.8.0/json-path-2.8.0.jar:/Users/strelnikov/.m2/repository/jakarta/xml/bind/jakarta.xml.bind-api/4.0.1/jakarta.xml.bind-api-4.0.1.jar:/Users/strelnikov/.m2/repository/jakarta/activation/jakarta.activation-api/2.1.2/jakarta.activation-api-2.1.2.jar:/Users/strelnikov/.m2/repository/net/minidev/json-smart/2.5.0/json-smart-2.5.0.jar:/Users/strelnikov/.m2/repository/net/minidev/accessors-smart/2.5.0/accessors-smart-2.5.0.jar:/Users/strelnikov/.m2/repository/org/ow2/asm/asm/9.3/asm-9.3.jar:/Users/strelnikov/.m2/repository/org/assertj/assertj-core/3.24.2/assertj-core-3.24.2.jar:/Users/strelnikov/.m2/repository/org/awaitility/awaitility/4.2.0/awaitility-4.2.0.jar:/Users/strelnikov/.m2/repository/org/hamcrest/hamcrest/2.2/hamcrest-2.2.jar:/Users/strelnikov/.m2/repository/org/junit/jupiter/junit-jupiter/5.10.1/junit-jupiter-5.10.1.jar:/Users/strelnikov/.m2/repository/org/junit/jupiter/junit-jupiter-api/5.10.1/junit-jupiter-api-5.10.1.jar:/Users/strelnikov/.m2/repository/org/opentest4j/opentest4j/1.3.0/opentest4j-1.3.0.jar:/Users/strelnikov/.m2/repository/org/junit/platform/junit-platform-commons/1.10.1/junit-platform-commons-1.10.1.jar:/Users/strelnikov/.m2/repository/org/apiguardian/apiguardian-api/1.1.2/apiguardian-api-1.1.2.jar:/Users/strelnikov/.m2/repository/org/junit/jupiter/junit-jupiter-params/5.10.1/junit-jupiter-params-5.10.1.jar:/Users/strelnikov/.m2/repository/org/junit/jupiter/junit-jupiter-engine/5.10.1/junit-jupiter-engine-5.10.1.jar:/Users/strelnikov/.m2/repository/org/junit/platform/junit-platform-engine/1.10.1/junit-platform-engine-1.10.1.jar:/Users/strelnikov/.m2/repository/org/mockito/mockito-core/5.7.0/mockito-core-5.7.0.jar:/Users/strelnikov/.m2/repository/net/bytebuddy/byte-buddy-agent/1.14.11/byte-buddy-agent-1.14.11.jar:/Users/strelnikov/.m2/repository/org/objenesis/objenesis/3.3/objenesis-3.3.jar:/Users/strelnikov/.m2/repository/org/mockito/mockito-junit-jupiter/5.7.0/mockito-junit-jupiter-5.7.0.jar:/Users/strelnikov/.m2/repository/org/skyscreamer/jsonassert/1.5.1/jsonassert-1.5.1.jar:/Users/strelnikov/.m2/repository/com/vaadin/external/google/android-json/0.0.20131108.vaadin1/android-json-0.0.20131108.vaadin1.jar:/Users/strelnikov/.m2/repository/org/springframework/spring-core/6.1.3/spring-core-6.1.3.jar:/Users/strelnikov/.m2/repository/org/springframework/spring-jcl/6.1.3/spring-jcl-6.1.3.jar:/Users/strelnikov/.m2/repository/org/springframework/spring-test/6.1.3/spring-test-6.1.3.jar:/Users/strelnikov/.m2/repository/org/xmlunit/xmlunit-core/2.9.1/xmlunit-core-2.9.1.jar:/Users/strelnikov/.m2/repository/com/h2database/h2/2.2.224/h2-2.2.224.jar:"/>
    <property name="sun.cpu.endian" value="little"/>
    <property name="user.home" value="/Users/strelnikov"/>
    <property name="user.language" value="en"/>
    <property name="java.specification.vendor" value="Oracle Corporation"/>
    <property name="java.version.date" value="2023-01-17"/>
    <property name="java.home" value="/opt/homebrew/Cellar/openjdk/19.0.2/libexec/openjdk.jdk/Contents/Home"/>
    <property name="file.separator" value="/"/>
    <property name="basedir" value="/Users/strelnikov/Documents/dev/my-java/Templates/postgres-jpa"/>
    <property name="java.vm.compressedOopsMode" value="Zero based"/>
    <property name="line.separator" value="&#10;"/>
    <property name="java.vm.specification.vendor" value="Oracle Corporation"/>
    <property name="java.specification.name" value="Java Platform API Specification"/>
    <property name="FILE_LOG_CHARSET" value="UTF-8"/>
    <property name="java.awt.headless" value="true"/>
    <property name="apple.awt.application.name" value="ForkedBooter"/>
    <property name="surefire.real.class.path" value="/Users/strelnikov/Documents/dev/my-java/Templates/postgres-jpa/target/surefire/surefirebooter-20240209233540436_3.jar"/>
    <property name="sun.management.compiler" value="HotSpot 64-Bit Tiered Compilers"/>
    <property name="ftp.nonProxyHosts" value="local|*.local|169.254/16|*.169.254/16"/>
    <property name="java.runtime.version" value="19.0.2"/>
    <property name="user.name" value="strelnikov"/>
    <property name="stdout.encoding" value="UTF-8"/>
    <property name="path.separator" value=":"/>
    <property name="os.version" value="14.1.1"/>
    <property name="java.runtime.name" value="OpenJDK Runtime Environment"/>
    <property name="file.encoding" value="UTF-8"/>
    <property name="java.vm.name" value="OpenJDK 64-Bit Server VM"/>
    <property name="java.vendor.version" value="Homebrew"/>
    <property name="localRepository" value="/Users/strelnikov/.m2/repository"/>
    <property name="java.vendor.url.bug" value="https://github.com/Homebrew/homebrew-core/issues"/>
    <property name="java.io.tmpdir" value="/var/folders/t3/yx180bgx5s1gbfyxr7_1n1v40000gn/T/"/>
    <property name="com.zaxxer.hikari.pool_number" value="4"/>
    <property name="java.version" value="19.0.2"/>
    <property name="user.dir" value="/Users/strelnikov/Documents/dev/my-java/Templates/postgres-jpa"/>
    <property name="os.arch" value="aarch64"/>
    <property name="java.vm.specification.name" value="Java Virtual Machine Specification"/>
    <property name="PID" value="43483"/>
    <property name="CONSOLE_LOG_CHARSET" value="UTF-8"/>
    <property name="native.encoding" value="UTF-8"/>
    <property name="java.library.path" value="/Users/strelnikov/Library/Java/Extensions:/Library/Java/Extensions:/Network/Library/Java/Extensions:/System/Library/Java/Extensions:/usr/lib/java:."/>
    <property name="java.vm.info" value="mixed mode, sharing"/>
    <property name="stderr.encoding" value="UTF-8"/>
    <property name="java.vendor" value="Homebrew"/>
    <property name="java.vm.version" value="19.0.2"/>
    <property name="sun.io.unicode.encoding" value="UnicodeBig"/>
    <property name="socksNonProxyHosts" value="local|*.local|169.254/16|*.169.254/16"/>
    <property name="java.class.version" value="63.0"/>
  </properties>
  <testcase name="testThatDeleteAuthorDeletesSuccessfully" classname="com.stelnikov.postgresjpa.repository.AuthorDaoImplIntegrationTest" time="0.439">
    <system-out><![CDATA[23:35:40.949 [main] INFO org.springframework.test.context.support.AnnotationConfigContextLoaderUtils -- Could not detect default configuration classes for test class [com.stelnikov.postgresjpa.repository.AuthorDaoImplIntegrationTest]: AuthorDaoImplIntegrationTest does not declare any static, non-private, non-final, nested classes annotated with @Configuration.
23:35:41.002 [main] INFO org.springframework.boot.test.context.SpringBootTestContextBootstrapper -- Found @SpringBootConfiguration com.stelnikov.postgresjpa.PostgresJpaApplication for test class com.stelnikov.postgresjpa.repository.AuthorDaoImplIntegrationTest

  .   ____          _            __ _ _
 /\\ / ___'_ __ _ _(_)_ __  __ _ \ \ \ \
( ( )\___ | '_ | '_| | '_ \/ _` | \ \ \ \
 \\/  ___)| |_)| | | | | || (_| |  ) ) ) )
  '  |____| .__|_| |_|_| |_\__, | / / / /
 =========|_|==============|___/=/_/_/_/
 :: Spring Boot ::                (v3.2.2)

2024-02-09T23:35:41.195-05:00  INFO 43483 --- [           main] c.s.p.r.AuthorDaoImplIntegrationTest     : Starting AuthorDaoImplIntegrationTest using Java 19.0.2 with PID 43483 (started by strelnikov in /Users/strelnikov/Documents/dev/my-java/Templates/postgres-jpa)
2024-02-09T23:35:41.196-05:00  INFO 43483 --- [           main] c.s.p.r.AuthorDaoImplIntegrationTest     : No active profile set, falling back to 1 default profile: "default"
2024-02-09T23:35:41.529-05:00  INFO 43483 --- [           main] .s.d.r.c.RepositoryConfigurationDelegate : Bootstrapping Spring Data JPA repositories in DEFAULT mode.
2024-02-09T23:35:41.567-05:00  INFO 43483 --- [           main] .s.d.r.c.RepositoryConfigurationDelegate : Finished Spring Data repository scanning in 34 ms. Found 2 JPA repository interfaces.
2024-02-09T23:35:41.794-05:00  INFO 43483 --- [           main] com.zaxxer.hikari.HikariDataSource       : HikariPool-1 - Starting...
2024-02-09T23:35:41.903-05:00  INFO 43483 --- [           main] com.zaxxer.hikari.pool.HikariPool        : HikariPool-1 - Added connection conn0: url=jdbc:h2:mem:testdb:MODE=PostgreSQL user=SA
2024-02-09T23:35:41.903-05:00  INFO 43483 --- [           main] com.zaxxer.hikari.HikariDataSource       : HikariPool-1 - Start completed.
2024-02-09T23:35:41.932-05:00  INFO 43483 --- [           main] o.hibernate.jpa.internal.util.LogHelper  : HHH000204: Processing PersistenceUnitInfo [name: default]
2024-02-09T23:35:41.960-05:00  INFO 43483 --- [           main] org.hibernate.Version                    : HHH000412: Hibernate ORM core version 6.4.1.Final
2024-02-09T23:35:41.976-05:00  INFO 43483 --- [           main] o.h.c.internal.RegionFactoryInitiator    : HHH000026: Second-level cache disabled
2024-02-09T23:35:42.097-05:00  INFO 43483 --- [           main] o.s.o.j.p.SpringPersistenceUnitInfo      : No LoadTimeWeaver setup: ignoring JPA class transformer
2024-02-09T23:35:42.569-05:00  INFO 43483 --- [           main] o.h.e.t.j.p.i.JtaPlatformInitiator       : HHH000489: No JTA platform available (set 'hibernate.transaction.jta.platform' to enable JTA platform integration)
2024-02-09T23:35:42.595-05:00  INFO 43483 --- [           main] j.LocalContainerEntityManagerFactoryBean : Initialized JPA EntityManagerFactory for persistence unit 'default'
2024-02-09T23:35:42.867-05:00  WARN 43483 --- [           main] JpaBaseConfiguration$JpaWebConfiguration : spring.jpa.open-in-view is enabled by default. Therefore, database queries may be performed during view rendering. Explicitly configure spring.jpa.open-in-view to disable this warning
2024-02-09T23:35:43.070-05:00  INFO 43483 --- [           main] c.s.p.r.AuthorDaoImplIntegrationTest     : Started AuthorDaoImplIntegrationTest in 1.998 seconds (process running for 2.583)
2024-02-09T23:35:43.512-05:00  INFO 43483 --- [           main] j.LocalContainerEntityManagerFactoryBean : Closing JPA EntityManagerFactory for persistence unit 'default'
2024-02-09T23:35:43.515-05:00  INFO 43483 --- [           main] com.zaxxer.hikari.HikariDataSource       : HikariPool-1 - Shutdown initiated...
2024-02-09T23:35:43.516-05:00  INFO 43483 --- [           main] com.zaxxer.hikari.HikariDataSource       : HikariPool-1 - Shutdown completed.
]]></system-out>
  </testcase>
  <testcase name="testThatAuthorCanBeUpdated" classname="com.stelnikov.postgresjpa.repository.AuthorDaoImplIntegrationTest" time="0.026">
    <system-out><![CDATA[
  .   ____          _            __ _ _
 /\\ / ___'_ __ _ _(_)_ __  __ _ \ \ \ \
( ( )\___ | '_ | '_| | '_ \/ _` | \ \ \ \
 \\/  ___)| |_)| | | | | || (_| |  ) ) ) )
  '  |____| .__|_| |_|_| |_\__, | / / / /
 =========|_|==============|___/=/_/_/_/
 :: Spring Boot ::                (v3.2.2)

2024-02-09T23:35:43.531-05:00  INFO 43483 --- [           main] c.s.p.r.AuthorDaoImplIntegrationTest     : Starting AuthorDaoImplIntegrationTest using Java 19.0.2 with PID 43483 (started by strelnikov in /Users/strelnikov/Documents/dev/my-java/Templates/postgres-jpa)
2024-02-09T23:35:43.532-05:00  INFO 43483 --- [           main] c.s.p.r.AuthorDaoImplIntegrationTest     : No active profile set, falling back to 1 default profile: "default"
2024-02-09T23:35:43.604-05:00  INFO 43483 --- [           main] .s.d.r.c.RepositoryConfigurationDelegate : Bootstrapping Spring Data JPA repositories in DEFAULT mode.
2024-02-09T23:35:43.616-05:00  INFO 43483 --- [           main] .s.d.r.c.RepositoryConfigurationDelegate : Finished Spring Data repository scanning in 11 ms. Found 2 JPA repository interfaces.
2024-02-09T23:35:43.653-05:00  INFO 43483 --- [           main] com.zaxxer.hikari.HikariDataSource       : HikariPool-2 - Starting...
2024-02-09T23:35:43.654-05:00  INFO 43483 --- [           main] com.zaxxer.hikari.pool.HikariPool        : HikariPool-2 - Added connection conn10: url=jdbc:h2:mem:testdb:MODE=PostgreSQL user=SA
2024-02-09T23:35:43.655-05:00  INFO 43483 --- [           main] com.zaxxer.hikari.HikariDataSource       : HikariPool-2 - Start completed.
2024-02-09T23:35:43.655-05:00  INFO 43483 --- [           main] o.hibernate.jpa.internal.util.LogHelper  : HHH000204: Processing PersistenceUnitInfo [name: default]
2024-02-09T23:35:43.656-05:00  INFO 43483 --- [           main] o.h.c.internal.RegionFactoryInitiator    : HHH000026: Second-level cache disabled
2024-02-09T23:35:43.658-05:00  INFO 43483 --- [           main] o.s.o.j.p.SpringPersistenceUnitInfo      : No LoadTimeWeaver setup: ignoring JPA class transformer
2024-02-09T23:35:43.677-05:00  INFO 43483 --- [           main] o.h.e.t.j.p.i.JtaPlatformInitiator       : HHH000489: No JTA platform available (set 'hibernate.transaction.jta.platform' to enable JTA platform integration)
2024-02-09T23:35:43.680-05:00  INFO 43483 --- [           main] j.LocalContainerEntityManagerFactoryBean : Initialized JPA EntityManagerFactory for persistence unit 'default'
2024-02-09T23:35:43.731-05:00  WARN 43483 --- [           main] JpaBaseConfiguration$JpaWebConfiguration : spring.jpa.open-in-view is enabled by default. Therefore, database queries may be performed during view rendering. Explicitly configure spring.jpa.open-in-view to disable this warning
2024-02-09T23:35:43.784-05:00  INFO 43483 --- [           main] c.s.p.r.AuthorDaoImplIntegrationTest     : Started AuthorDaoImplIntegrationTest in 0.264 seconds (process running for 3.297)
2024-02-09T23:35:43.800-05:00  INFO 43483 --- [           main] j.LocalContainerEntityManagerFactoryBean : Closing JPA EntityManagerFactory for persistence unit 'default'
2024-02-09T23:35:43.801-05:00  INFO 43483 --- [           main] com.zaxxer.hikari.HikariDataSource       : HikariPool-2 - Shutdown initiated...
2024-02-09T23:35:43.811-05:00  INFO 43483 --- [           main] com.zaxxer.hikari.HikariDataSource       : HikariPool-2 - Shutdown completed.
]]></system-out>
  </testcase>
  <testcase name="findAllShouldReturnListOfAuthors" classname="com.stelnikov.postgresjpa.repository.AuthorDaoImplIntegrationTest" time="0.055">
    <system-out><![CDATA[
  .   ____          _            __ _ _
 /\\ / ___'_ __ _ _(_)_ __  __ _ \ \ \ \
( ( )\___ | '_ | '_| | '_ \/ _` | \ \ \ \
 \\/  ___)| |_)| | | | | || (_| |  ) ) ) )
  '  |____| .__|_| |_|_| |_\__, | / / / /
 =========|_|==============|___/=/_/_/_/
 :: Spring Boot ::                (v3.2.2)

2024-02-09T23:35:43.822-05:00  INFO 43483 --- [           main] c.s.p.r.AuthorDaoImplIntegrationTest     : Starting AuthorDaoImplIntegrationTest using Java 19.0.2 with PID 43483 (started by strelnikov in /Users/strelnikov/Documents/dev/my-java/Templates/postgres-jpa)
2024-02-09T23:35:43.822-05:00  INFO 43483 --- [           main] c.s.p.r.AuthorDaoImplIntegrationTest     : No active profile set, falling back to 1 default profile: "default"
2024-02-09T23:35:43.879-05:00  INFO 43483 --- [           main] .s.d.r.c.RepositoryConfigurationDelegate : Bootstrapping Spring Data JPA repositories in DEFAULT mode.
2024-02-09T23:35:43.884-05:00  INFO 43483 --- [           main] .s.d.r.c.RepositoryConfigurationDelegate : Finished Spring Data repository scanning in 5 ms. Found 2 JPA repository interfaces.
2024-02-09T23:35:43.916-05:00  INFO 43483 --- [           main] com.zaxxer.hikari.HikariDataSource       : HikariPool-3 - Starting...
2024-02-09T23:35:43.917-05:00  INFO 43483 --- [           main] com.zaxxer.hikari.pool.HikariPool        : HikariPool-3 - Added connection conn15: url=jdbc:h2:mem:testdb:MODE=PostgreSQL user=SA
2024-02-09T23:35:43.917-05:00  INFO 43483 --- [           main] com.zaxxer.hikari.HikariDataSource       : HikariPool-3 - Start completed.
2024-02-09T23:35:43.918-05:00  INFO 43483 --- [           main] o.hibernate.jpa.internal.util.LogHelper  : HHH000204: Processing PersistenceUnitInfo [name: default]
2024-02-09T23:35:43.919-05:00  INFO 43483 --- [           main] o.h.c.internal.RegionFactoryInitiator    : HHH000026: Second-level cache disabled
2024-02-09T23:35:43.920-05:00  INFO 43483 --- [           main] o.s.o.j.p.SpringPersistenceUnitInfo      : No LoadTimeWeaver setup: ignoring JPA class transformer
2024-02-09T23:35:43.938-05:00  INFO 43483 --- [           main] o.h.e.t.j.p.i.JtaPlatformInitiator       : HHH000489: No JTA platform available (set 'hibernate.transaction.jta.platform' to enable JTA platform integration)
2024-02-09T23:35:43.940-05:00  INFO 43483 --- [           main] j.LocalContainerEntityManagerFactoryBean : Initialized JPA EntityManagerFactory for persistence unit 'default'
2024-02-09T23:35:43.982-05:00  WARN 43483 --- [           main] JpaBaseConfiguration$JpaWebConfiguration : spring.jpa.open-in-view is enabled by default. Therefore, database queries may be performed during view rendering. Explicitly configure spring.jpa.open-in-view to disable this warning
2024-02-09T23:35:44.031-05:00  INFO 43483 --- [           main] c.s.p.r.AuthorDaoImplIntegrationTest     : Started AuthorDaoImplIntegrationTest in 0.218 seconds (process running for 3.544)
2024-02-09T23:35:44.084-05:00  INFO 43483 --- [           main] j.LocalContainerEntityManagerFactoryBean : Closing JPA EntityManagerFactory for persistence unit 'default'
2024-02-09T23:35:44.085-05:00  INFO 43483 --- [           main] com.zaxxer.hikari.HikariDataSource       : HikariPool-3 - Shutdown initiated...
2024-02-09T23:35:44.087-05:00  INFO 43483 --- [           main] com.zaxxer.hikari.HikariDataSource       : HikariPool-3 - Shutdown completed.
]]></system-out>
  </testcase>
  <testcase name="testThatAuthorCanBeCreatedAndRecalled" classname="com.stelnikov.postgresjpa.repository.AuthorDaoImplIntegrationTest" time="0.01">
    <system-out><![CDATA[
  .   ____          _            __ _ _
 /\\ / ___'_ __ _ _(_)_ __  __ _ \ \ \ \
( ( )\___ | '_ | '_| | '_ \/ _` | \ \ \ \
 \\/  ___)| |_)| | | | | || (_| |  ) ) ) )
  '  |____| .__|_| |_|_| |_\__, | / / / /
 =========|_|==============|___/=/_/_/_/
 :: Spring Boot ::                (v3.2.2)

2024-02-09T23:35:44.097-05:00  INFO 43483 --- [           main] c.s.p.r.AuthorDaoImplIntegrationTest     : Starting AuthorDaoImplIntegrationTest using Java 19.0.2 with PID 43483 (started by strelnikov in /Users/strelnikov/Documents/dev/my-java/Templates/postgres-jpa)
2024-02-09T23:35:44.097-05:00  INFO 43483 --- [           main] c.s.p.r.AuthorDaoImplIntegrationTest     : No active profile set, falling back to 1 default profile: "default"
2024-02-09T23:35:44.152-05:00  INFO 43483 --- [           main] .s.d.r.c.RepositoryConfigurationDelegate : Bootstrapping Spring Data JPA repositories in DEFAULT mode.
2024-02-09T23:35:44.156-05:00  INFO 43483 --- [           main] .s.d.r.c.RepositoryConfigurationDelegate : Finished Spring Data repository scanning in 4 ms. Found 2 JPA repository interfaces.
2024-02-09T23:35:44.191-05:00  INFO 43483 --- [           main] com.zaxxer.hikari.HikariDataSource       : HikariPool-4 - Starting...
2024-02-09T23:35:44.192-05:00  INFO 43483 --- [           main] com.zaxxer.hikari.pool.HikariPool        : HikariPool-4 - Added connection conn21: url=jdbc:h2:mem:testdb:MODE=PostgreSQL user=SA
2024-02-09T23:35:44.192-05:00  INFO 43483 --- [           main] com.zaxxer.hikari.HikariDataSource       : HikariPool-4 - Start completed.
2024-02-09T23:35:44.193-05:00  INFO 43483 --- [           main] o.hibernate.jpa.internal.util.LogHelper  : HHH000204: Processing PersistenceUnitInfo [name: default]
2024-02-09T23:35:44.194-05:00  INFO 43483 --- [           main] o.h.c.internal.RegionFactoryInitiator    : HHH000026: Second-level cache disabled
2024-02-09T23:35:44.195-05:00  INFO 43483 --- [           main] o.s.o.j.p.SpringPersistenceUnitInfo      : No LoadTimeWeaver setup: ignoring JPA class transformer
2024-02-09T23:35:44.214-05:00  INFO 43483 --- [           main] o.h.e.t.j.p.i.JtaPlatformInitiator       : HHH000489: No JTA platform available (set 'hibernate.transaction.jta.platform' to enable JTA platform integration)
2024-02-09T23:35:44.216-05:00  INFO 43483 --- [           main] j.LocalContainerEntityManagerFactoryBean : Initialized JPA EntityManagerFactory for persistence unit 'default'
2024-02-09T23:35:44.250-05:00  WARN 43483 --- [           main] JpaBaseConfiguration$JpaWebConfiguration : spring.jpa.open-in-view is enabled by default. Therefore, database queries may be performed during view rendering. Explicitly configure spring.jpa.open-in-view to disable this warning
2024-02-09T23:35:44.285-05:00  INFO 43483 --- [           main] c.s.p.r.AuthorDaoImplIntegrationTest     : Started AuthorDaoImplIntegrationTest in 0.197 seconds (process running for 3.797)
2024-02-09T23:35:44.294-05:00  INFO 43483 --- [           main] j.LocalContainerEntityManagerFactoryBean : Closing JPA EntityManagerFactory for persistence unit 'default'
2024-02-09T23:35:44.295-05:00  INFO 43483 --- [           main] com.zaxxer.hikari.HikariDataSource       : HikariPool-4 - Shutdown initiated...
2024-02-09T23:35:44.296-05:00  INFO 43483 --- [           main] com.zaxxer.hikari.HikariDataSource       : HikariPool-4 - Shutdown completed.
]]></system-out>
  </testcase>
</testsuite>